Log file open, 09/25/23 19:50:26
LogWindows: Failed to load 'aqProf.dll' (GetLastError=126)
LogWindows: File 'aqProf.dll' does not exist
LogWindows: Failed to load 'VtuneApi.dll' (GetLastError=126)
LogWindows: File 'VtuneApi.dll' does not exist
LogWindows: Failed to load 'VtuneApi32e.dll' (GetLastError=126)
LogWindows: File 'VtuneApi32e.dll' does not exist
LogConsoleResponse: Display: Failed to find resolution value strings in scalability ini. Falling back to default.
LogConsoleResponse: Display: Failed to find resolution value strings in scalability ini. Falling back to default.
LogInit: Display: Running engine for game: CityBuilder2
LogPlatformFile: Not using cached read wrapper
LogTaskGraph: Started task graph with 5 named threads and 35 total threads with 3 sets of task threads.
LogStats: Stats thread started at 0.262230
LogICUInternationalization: ICU TimeZone Detection - Raw Offset: -8:00, Platform Override: ''
LogInit: Display: Loading text-based GConfig....
LogPluginManager: Mounting plugin MeshPainting
LogPluginManager: Mounting plugin XGEController
LogPluginManager: Mounting plugin Paper2D
LogPluginManager: Mounting plugin LiveLink
LogPluginManager: Mounting plugin AISupport
LogPluginManager: Mounting plugin EnvironmentQueryEditor
LogPluginManager: Mounting plugin LightPropagationVolume
LogPluginManager: Mounting plugin OodleData
LogPluginManager: Mounting plugin OodleNetwork
LogPluginManager: Mounting plugin CameraShakePreviewer
LogPluginManager: Mounting plugin AnimationSharing
LogPluginManager: Mounting plugin CLionSourceCodeAccess
LogPluginManager: Mounting plugin CodeLiteSourceCodeAccess
LogPluginManager: Mounting plugin GitSourceControl
LogPluginManager: Mounting plugin NullSourceCodeAccess
LogPluginManager: Mounting plugin KDevelopSourceCodeAccess
LogPluginManager: Mounting plugin PixWinPlugin
LogPluginManager: Mounting plugin PlasticSourceControl
LogPluginManager: Mounting plugin PluginUtils
LogPluginManager: Mounting plugin PerforceSourceControl
LogPluginManager: Mounting plugin PropertyAccessNode
LogPluginManager: Mounting plugin RiderSourceCodeAccess
LogPluginManager: Mounting plugin SubversionSourceControl
LogPluginManager: Mounting plugin TextureFormatOodle
LogPluginManager: Mounting plugin UObjectPlugin
LogPluginManager: Mounting plugin VisualStudioSourceCodeAccess
LogPluginManager: Mounting plugin XCodeSourceCodeAccess
LogPluginManager: Mounting plugin VisualStudioCodeSourceCodeAccess
LogPluginManager: Mounting plugin AssetManagerEditor
LogPluginManager: Mounting plugin GameplayCameras
LogPluginManager: Mounting plugin CryptoKeys
LogPluginManager: Mounting plugin CurveEditorTools
LogPluginManager: Mounting plugin DataValidation
LogPluginManager: Mounting plugin FacialAnimation
LogPluginManager: Mounting plugin GameplayTagsEditor
LogPluginManager: Mounting plugin GeometryMode
LogPluginManager: Mounting plugin MacGraphicsSwitching
LogPluginManager: Mounting plugin MaterialAnalyzer
LogPluginManager: Mounting plugin PluginBrowser
LogPluginManager: Mounting plugin MobileLauncherProfileWizard
LogPluginManager: Mounting plugin SpeedTreeImporter
LogPluginManager: Mounting plugin AlembicImporter
LogPluginManager: Mounting plugin AutomationUtils
LogPluginManager: Mounting plugin BackChannel
LogPluginManager: Mounting plugin ChaosCloth
LogPluginManager: Mounting plugin ChaosClothEditor
LogPluginManager: Mounting plugin ChaosEditor
LogPluginManager: Mounting plugin ChaosSolverPlugin
LogPluginManager: Mounting plugin ChaosNiagara
LogPluginManager: Mounting plugin CharacterAI
LogPluginManager: Mounting plugin GeometryCache
LogPluginManager: Mounting plugin GeometryCollectionPlugin
LogPluginManager: Mounting plugin GeometryProcessing
LogPluginManager: Mounting plugin MotoSynth
LogPluginManager: Mounting plugin PlanarCut
LogPluginManager: Mounting plugin PlatformCrypto
LogPluginManager: Mounting plugin OpenImageDenoise
LogPluginManager: Mounting plugin ProxyLODPlugin
LogPluginManager: Mounting plugin PythonScriptPlugin
LogPluginManager: Mounting plugin SkeletalReduction
LogPluginManager: Mounting plugin Niagara
LogPluginManager: Mounting plugin DatasmithContent
LogPluginManager: Mounting plugin LuminPlatformFeatures
LogPluginManager: Mounting plugin VariantManagerContent
LogPluginManager: Mounting plugin MagicLeap
LogPluginManager: Mounting plugin MagicLeapLightEstimation
LogPluginManager: Mounting plugin MagicLeapMedia
LogPluginManager: Mounting plugin MagicLeapPassableWorld
LogPluginManager: Mounting plugin MLSDK
LogPluginManager: Mounting plugin AndroidMedia
LogPluginManager: Mounting plugin AvfMedia
LogPluginManager: Mounting plugin ImgMedia
LogPluginManager: Mounting plugin MediaCompositing
LogPluginManager: Mounting plugin MediaPlayerEditor
LogPluginManager: Mounting plugin WebMMedia
LogPluginManager: Mounting plugin WmfMedia
LogPluginManager: Mounting plugin ActorSequence
LogPluginManager: Mounting plugin MatineeToLevelSequence
LogPluginManager: Mounting plugin LevelSequenceEditor
LogPluginManager: Mounting plugin TemplateSequence
LogPluginManager: Mounting plugin LauncherChunkInstaller
LogPluginManager: Mounting plugin TcpMessaging
LogPluginManager: Mounting plugin UdpMessaging
LogPluginManager: Mounting plugin OnlineSubsystem
LogPluginManager: Mounting plugin OnlineSubsystemNull
LogPluginManager: Mounting plugin OnlineSubsystemUtils
LogPluginManager: Mounting plugin ActorLayerUtilities
LogPluginManager: Mounting plugin AndroidDeviceProfileSelector
LogPluginManager: Mounting plugin AndroidMoviePlayer
LogPluginManager: Mounting plugin AndroidPermission
LogPluginManager: Mounting plugin AppleImageUtils
LogPluginManager: Mounting plugin ScreenshotTools
LogPluginManager: Mounting plugin ArchVisCharacter
LogPluginManager: Mounting plugin AssetTags
LogPluginManager: Mounting plugin AudioCapture
LogPluginManager: Mounting plugin CableComponent
LogPluginManager: Mounting plugin AppleMoviePlayer
LogPluginManager: Mounting plugin EditableMesh
LogPluginManager: Mounting plugin ExampleDeviceProfileSelector
LogPluginManager: Mounting plugin GoogleCloudMessaging
LogPluginManager: Mounting plugin GooglePAD
LogPluginManager: Mounting plugin CustomMeshComponent
LogPluginManager: Mounting plugin ChunkDownloader
LogPluginManager: Mounting plugin IOSDeviceProfileSelector
LogPluginManager: Mounting plugin LinuxDeviceProfileSelector
LogPluginManager: Mounting plugin AudioSynesthesia
LogPluginManager: Mounting plugin Takes
LogPluginManager: Mounting plugin LocationServicesBPLibrary
LogPluginManager: Mounting plugin MobilePatchingUtils
LogPluginManager: Mounting plugin OpenXR
LogPluginManager: Mounting plugin OpenXRHandTracking
LogPluginManager: Mounting plugin OpenXREyeTracker
LogPluginManager: Mounting plugin PhysXVehicles
LogPluginManager: Mounting plugin PostSplashScreen
LogPluginManager: Mounting plugin ProceduralMeshComponent
LogPluginManager: Mounting plugin PropertyAccessEditor
LogPluginManager: Mounting plugin RuntimePhysXCooking
LogPluginManager: Mounting plugin SignificanceManager
LogPluginManager: Mounting plugin SoundFields
LogPluginManager: Mounting plugin Synthesis
LogPluginManager: Mounting plugin WebMMoviePlayer
LogPluginManager: Mounting plugin WindowsMoviePlayer
LogPluginManager: Mounting plugin ContentBrowserAssetDataSource
LogPluginManager: Mounting plugin ContentBrowserClassDataSource
LogPluginManager: Mounting plugin ContentBrowserFileDataSource
LogPluginManager: Mounting plugin OnlineSubsystemGooglePlay
LogPluginManager: Mounting plugin OnlineSubsystemIOS
LogPluginManager: Mounting plugin OculusVR
LogPluginManager: Mounting plugin SteamVR
PixWinPlugin: PIX capture plugin failed to initialize! Check that the process is launched from PIX.
LogLuminAPIImpl: Warning: MLSDK not found.  This likely means the MLSDK environment variable is not set.
LogInit: Using libcurl 7.55.1-DEV
LogInit:  - built for x86_64-pc-win32
LogInit:  - supports SSL with OpenSSL/1.1.1
LogInit:  - supports HTTP deflate (compression) using libz 1.2.8
LogInit:  - other features:
LogInit:      CURL_VERSION_SSL
LogInit:      CURL_VERSION_LIBZ
LogInit:      CURL_VERSION_IPV6
LogInit:      CURL_VERSION_ASYNCHDNS
LogInit:      CURL_VERSION_LARGEFILE
LogInit:      CURL_VERSION_IDN
LogInit:  CurlRequestOptions (configurable via config and command line):
LogInit:  - bVerifyPeer = true  - Libcurl will verify peer certificate
LogInit:  - bUseHttpProxy = false  - Libcurl will NOT use HTTP proxy
LogInit:  - bDontReuseConnections = false  - Libcurl will reuse connections
LogInit:  - MaxHostConnections = 16  - Libcurl will limit the number of connections to a host
LogInit:  - LocalHostAddr = Default
LogInit:  - BufferSize = 65536
LogOnline: OSS: Creating online subsystem instance for: NULL
LogInit: WinSock: version 1.1 (2.2), MaxSocks=32767, MaxUdp=65467
LogOnline: OSS: TryLoadSubsystemAndSetDefault: Loaded subsystem for module [NULL]
LogOculusPluginWrapper: OculusPlugin initialized successfully
LogHMD: Failed initializing OVRPlugin 1.59.0
LogInit: Build: ++UE4+Release-4.27-CL-18319896
LogInit: Engine Version: 4.27.2-18319896+++UE4+Release-4.27
LogInit: Compatible Engine Version: 4.27.0-17155196+++UE4+Release-4.27
LogInit: Net CL: 17155196
LogInit: OS: Windows 10 (Release 2009) (), CPU: Intel(R) Core(TM) i7-9750H CPU @ 2.60GHz, GPU: NVIDIA GeForce RTX 2070
LogInit: Compiled (64-bit): Nov 30 2021 07:12:08
LogInit: Compiled with Visual C++: 19.24.28315.00
LogInit: Build Configuration: Development
LogInit: Branch Name: ++UE4+Release-4.27
LogInit: Command Line:  -AUTH_LOGIN=unused -AUTH_PASSWORD=69b752f56a3f4064b644b4d06e515a32 -AUTH_TYPE=exchangecode -epicapp=UE_4.27 -epicenv=Prod -EpicPortal -epicusername=reza577 -epicuserid=5ca49f10020c44efa664cbc42eb64842 -epiclocale=en -epicsandboxid=ue
LogInit: Base Directory: C:/Program Files/Epic Games/UE_4.27/Engine/Binaries/Win64/
LogInit: Allocator: TBB
LogInit: Installed Engine Build: 1
LogDevObjectVersion: Number of dev versions registered: 29
LogDevObjectVersion:   Dev-Blueprints (B0D832E4-1F89-4F0D-ACCF-7EB736FD4AA2): 10
LogDevObjectVersion:   Dev-Build (E1C64328-A22C-4D53-A36C-8E866417BD8C): 0
LogDevObjectVersion:   Dev-Core (375EC13C-06E4-48FB-B500-84F0262A717E): 4
LogDevObjectVersion:   Dev-Editor (E4B068ED-F494-42E9-A231-DA0B2E46BB41): 40
LogDevObjectVersion:   Dev-Framework (CFFC743F-43B0-4480-9391-14DF171D2073): 37
LogDevObjectVersion:   Dev-Mobile (B02B49B5-BB20-44E9-A304-32B752E40360): 3
LogDevObjectVersion:   Dev-Networking (A4E4105C-59A1-49B5-A7C5-40C4547EDFEE): 0
LogDevObjectVersion:   Dev-Online (39C831C9-5AE6-47DC-9A44-9C173E1C8E7C): 0
LogDevObjectVersion:   Dev-Physics (78F01B33-EBEA-4F98-B9B4-84EACCB95AA2): 14
LogDevObjectVersion:   Dev-Platform (6631380F-2D4D-43E0-8009-CF276956A95A): 0
LogDevObjectVersion:   Dev-Rendering (12F88B9F-8875-4AFC-A67C-D90C383ABD29): 45
LogDevObjectVersion:   Dev-Sequencer (7B5AE74C-D270-4C10-A958-57980B212A5A): 13
LogDevObjectVersion:   Dev-VR (D7296918-1DD6-4BDD-9DE2-64A83CC13884): 3
LogDevObjectVersion:   Dev-LoadTimes (C2A15278-BFE7-4AFE-6C17-90FF531DF755): 1
LogDevObjectVersion:   Private-Geometry (6EACA3D4-40EC-4CC1-B786-8BED09428FC5): 3
LogDevObjectVersion:   Dev-AnimPhys (29E575DD-E0A3-4627-9D10-D276232CDCEA): 17
LogDevObjectVersion:   Dev-Anim (AF43A65D-7FD3-4947-9873-3E8ED9C1BB05): 15
LogDevObjectVersion:   Dev-ReflectionCapture (6B266CEC-1EC7-4B8F-A30B-E4D90942FC07): 1
LogDevObjectVersion:   Dev-Automation (0DF73D61-A23F-47EA-B727-89E90C41499A): 1
LogDevObjectVersion:   FortniteMain (601D1886-AC64-4F84-AA16-D3DE0DEAC7D6): 47
LogDevObjectVersion:   FortniteRelease (E7086368-6B23-4C58-8439-1B7016265E91): 1
LogDevObjectVersion:   Dev-Enterprise (9DFFBCD6-494F-0158-E221-12823C92A888): 10
LogDevObjectVersion:   Dev-Niagara (F2AED0AC-9AFE-416F-8664-AA7FFA26D6FC): 1
LogDevObjectVersion:   Dev-Destruction (174F1F0B-B4C6-45A5-B13F-2EE8D0FB917D): 10
LogDevObjectVersion:   Dev-Physics-Ext (35F94A83-E258-406C-A318-09F59610247C): 41
LogDevObjectVersion:   Dev-PhysicsMaterial-Chaos (B68FC16E-8B1B-42E2-B453-215C058844FE): 1
LogDevObjectVersion:   Dev-CineCamera (B2E18506-4273-CFC2-A54E-F4BB758BBA07): 1
LogDevObjectVersion:   Dev-VirtualProduction (64F58936-FD1B-42BA-BA96-7289D5D0FA4E): 1
LogDevObjectVersion:   Dev-MediaFramework (6F0ED827-A609-4895-9C91-998D90180EA4): 2
LogInit: Presizing for max 25165824 objects, including 0 objects not considered by GC, pre-allocating 0 bytes for permanent pool.
LogConfig: Applying CVar settings from Section [/Script/Engine.StreamingSettings] File [C:/Repos/CityBuilder_UE4/CityBuilder2/Saved/Config/Windows/Engine.ini]
LogConfig: Setting CVar [[s.MinBulkDataSizeForAsyncLoading:131072]]
LogConfig: Setting CVar [[s.AsyncLoadingThreadEnabled:0]]
LogConfig: Setting CVar [[s.EventDrivenLoaderEnabled:1]]
LogConfig: Setting CVar [[s.WarnIfTimeLimitExceeded:0]]
LogConfig: Setting CVar [[s.TimeLimitExceededMultiplier:1.5]]
LogConfig: Setting CVar [[s.TimeLimitExceededMinTime:0.005]]
LogConfig: Setting CVar [[s.UseBackgroundLevelStreaming:1]]
LogConfig: Setting CVar [[s.PriorityAsyncLoadingExtraTime:15.0]]
LogConfig: Setting CVar [[s.LevelStreamingActorsUpdateTimeLimit:5.0]]
LogConfig: Setting CVar [[s.PriorityLevelStreamingActorsUpdateExtraTime:5.0]]
LogConfig: Setting CVar [[s.LevelStreamingComponentsRegistrationGranularity:10]]
LogConfig: Setting CVar [[s.UnregisterComponentsTimeLimit:1.0]]
LogConfig: Setting CVar [[s.LevelStreamingComponentsUnregistrationGranularity:5]]
LogConfig: Setting CVar [[s.FlushStreamingOnExit:1]]
LogInit: Object subsystem initialized
LogConfig: Setting CVar [[con.DebugEarlyDefault:1]]
LogConfig: Setting CVar [[r.setres:1280x720]]
[2023.09.26-02.50.27:108][  0]LogConfig: Setting CVar [[r.VSync:0]]
[2023.09.26-02.50.27:108][  0]LogConfig: Setting CVar [[r.RHICmdBypass:0]]
[2023.09.26-02.50.27:108][  0]LogConfig: Applying CVar settings from Section [/Script/Engine.RendererSettings] File [C:/Repos/CityBuilder_UE4/CityBuilder2/Saved/Config/Windows/Engine.ini]
[2023.09.26-02.50.27:108][  0]LogConfig: Setting CVar [[r.GPUCrashDebugging:0]]
[2023.09.26-02.50.27:108][  0]LogConfig: Applying CVar settings from Section [/Script/Engine.RendererOverrideSettings] File [C:/Repos/CityBuilder_UE4/CityBuilder2/Saved/Config/Windows/Engine.ini]
[2023.09.26-02.50.27:108][  0]LogConfig: Applying CVar settings from Section [/Script/Engine.StreamingSettings] File [C:/Repos/CityBuilder_UE4/CityBuilder2/Saved/Config/Windows/Engine.ini]
[2023.09.26-02.50.27:108][  0]LogConfig: Setting CVar [[s.MinBulkDataSizeForAsyncLoading:131072]]
[2023.09.26-02.50.27:108][  0]LogConfig: Setting CVar [[s.AsyncLoadingThreadEnabled:0]]
[2023.09.26-02.50.27:108][  0]LogConfig: Setting CVar [[s.EventDrivenLoaderEnabled:1]]
[2023.09.26-02.50.27:108][  0]LogConfig: Setting CVar [[s.WarnIfTimeLimitExceeded:0]]
[2023.09.26-02.50.27:108][  0]LogConfig: Setting CVar [[s.TimeLimitExceededMultiplier:1.5]]
[2023.09.26-02.50.27:108][  0]LogConfig: Setting CVar [[s.TimeLimitExceededMinTime:0.005]]
[2023.09.26-02.50.27:108][  0]LogConfig: Setting CVar [[s.UseBackgroundLevelStreaming:1]]
[2023.09.26-02.50.27:108][  0]LogConfig: Setting CVar [[s.PriorityAsyncLoadingExtraTime:15.0]]
[2023.09.26-02.50.27:108][  0]LogConfig: Setting CVar [[s.LevelStreamingActorsUpdateTimeLimit:5.0]]
[2023.09.26-02.50.27:108][  0]LogConfig: Setting CVar [[s.PriorityLevelStreamingActorsUpdateExtraTime:5.0]]
[2023.09.26-02.50.27:108][  0]LogConfig: Setting CVar [[s.LevelStreamingComponentsRegistrationGranularity:10]]
[2023.09.26-02.50.27:108][  0]LogConfig: Setting CVar [[s.UnregisterComponentsTimeLimit:1.0]]
[2023.09.26-02.50.27:108][  0]LogConfig: Setting CVar [[s.LevelStreamingComponentsUnregistrationGranularity:5]]
[2023.09.26-02.50.27:108][  0]LogConfig: Setting CVar [[s.FlushStreamingOnExit:1]]
[2023.09.26-02.50.27:108][  0]LogConfig: Applying CVar settings from Section [/Script/Engine.GarbageCollectionSettings] File [C:/Repos/CityBuilder_UE4/CityBuilder2/Saved/Config/Windows/Engine.ini]
[2023.09.26-02.50.27:108][  0]LogConfig: Setting CVar [[gc.MaxObjectsNotConsideredByGC:1]]
[2023.09.26-02.50.27:108][  0]LogConfig: Setting CVar [[gc.SizeOfPermanentObjectPool:0]]
[2023.09.26-02.50.27:108][  0]LogConfig: Setting CVar [[gc.FlushStreamingOnGC:0]]
[2023.09.26-02.50.27:108][  0]LogConfig: Setting CVar [[gc.NumRetriesBeforeForcingGC:10]]
[2023.09.26-02.50.27:108][  0]LogConfig: Setting CVar [[gc.AllowParallelGC:1]]
[2023.09.26-02.50.27:108][  0]LogConfig: Setting CVar [[gc.TimeBetweenPurgingPendingKillObjects:61.1]]
[2023.09.26-02.50.27:108][  0]LogConfig: Setting CVar [[gc.MaxObjectsInEditor:25165824]]
[2023.09.26-02.50.27:108][  0]LogConfig: Setting CVar [[gc.IncrementalBeginDestroyEnabled:1]]
[2023.09.26-02.50.27:108][  0]LogConfig: Setting CVar [[gc.CreateGCClusters:1]]
[2023.09.26-02.50.27:108][  0]LogConfig: Setting CVar [[gc.MinGCClusterSize:5]]
[2023.09.26-02.50.27:108][  0]LogConfig: Setting CVar [[gc.ActorClusteringEnabled:0]]
[2023.09.26-02.50.27:108][  0]LogConfig: Setting CVar [[gc.BlueprintClusteringEnabled:0]]
[2023.09.26-02.50.27:108][  0]LogConfig: Setting CVar [[gc.UseDisregardForGCOnDedicatedServers:0]]
[2023.09.26-02.50.27:108][  0]LogConfig: Setting CVar [[gc.MultithreadedDestructionEnabled:1]]
[2023.09.26-02.50.27:108][  0]LogConfig: Applying CVar settings from Section [/Script/Engine.NetworkSettings] File [C:/Repos/CityBuilder_UE4/CityBuilder2/Saved/Config/Windows/Engine.ini]
[2023.09.26-02.50.27:108][  0]LogConfig: Applying CVar settings from Section [/Script/UnrealEd.CookerSettings] File [C:/Repos/CityBuilder_UE4/CityBuilder2/Saved/Config/Windows/Engine.ini]
[2023.09.26-02.50.27:125][  0]LogConfig: Applying CVar settings from Section [ViewDistanceQuality@3] File [C:/Repos/CityBuilder_UE4/CityBuilder2/Saved/Config/Windows/Scalability.ini]
[2023.09.26-02.50.27:125][  0]LogConfig: Setting CVar [[r.SkeletalMeshLODBias:0]]
[2023.09.26-02.50.27:125][  0]LogConfig: Setting CVar [[r.ViewDistanceScale:1.0]]
[2023.09.26-02.50.27:125][  0]LogConfig: Applying CVar settings from Section [AntiAliasingQuality@3] File [C:/Repos/CityBuilder_UE4/CityBuilder2/Saved/Config/Windows/Scalability.ini]
[2023.09.26-02.50.27:125][  0]LogConfig: Setting CVar [[r.PostProcessAAQuality:4]]
[2023.09.26-02.50.27:125][  0]LogConfig: Applying CVar settings from Section [ShadowQuality@3] File [C:/Repos/CityBuilder_UE4/CityBuilder2/Saved/Config/Windows/Scalability.ini]
[2023.09.26-02.50.27:125][  0]LogConfig: Setting CVar [[r.LightFunctionQuality:1]]
[2023.09.26-02.50.27:125][  0]LogConfig: Setting CVar [[r.ShadowQuality:5]]
[2023.09.26-02.50.27:125][  0]LogConfig: Setting CVar [[r.Shadow.CSM.MaxCascades:10]]
[2023.09.26-02.50.27:125][  0]LogConfig: Setting CVar [[r.Shadow.MaxResolution:2048]]
[2023.09.26-02.50.27:125][  0]LogConfig: Setting CVar [[r.Shadow.MaxCSMResolution:2048]]
[2023.09.26-02.50.27:125][  0]LogConfig: Setting CVar [[r.Shadow.RadiusThreshold:0.01]]
[2023.09.26-02.50.27:125][  0]LogConfig: Setting CVar [[r.Shadow.DistanceScale:1.0]]
[2023.09.26-02.50.27:125][  0]LogConfig: Setting CVar [[r.Shadow.CSM.TransitionScale:1.0]]
[2023.09.26-02.50.27:125][  0]LogConfig: Setting CVar [[r.Shadow.PreShadowResolutionFactor:1.0]]
[2023.09.26-02.50.27:125][  0]LogConfig: Setting CVar [[r.DistanceFieldShadowing:1]]
[2023.09.26-02.50.27:125][  0]LogConfig: Setting CVar [[r.DistanceFieldAO:1]]
[2023.09.26-02.50.27:125][  0]LogConfig: Setting CVar [[r.AOQuality:2]]
[2023.09.26-02.50.27:125][  0]LogConfig: Setting CVar [[r.VolumetricFog:1]]
[2023.09.26-02.50.27:125][  0]LogConfig: Setting CVar [[r.VolumetricFog.GridPixelSize:8]]
[2023.09.26-02.50.27:125][  0]LogConfig: Setting CVar [[r.VolumetricFog.GridSizeZ:128]]
[2023.09.26-02.50.27:125][  0]LogConfig: Setting CVar [[r.VolumetricFog.HistoryMissSupersampleCount:4]]
[2023.09.26-02.50.27:125][  0]LogConfig: Setting CVar [[r.LightMaxDrawDistanceScale:1]]
[2023.09.26-02.50.27:125][  0]LogConfig: Setting CVar [[r.CapsuleShadows:1]]
[2023.09.26-02.50.27:125][  0]LogConfig: Applying CVar settings from Section [PostProcessQuality@3] File [C:/Repos/CityBuilder_UE4/CityBuilder2/Saved/Config/Windows/Scalability.ini]
[2023.09.26-02.50.27:125][  0]LogConfig: Setting CVar [[r.MotionBlurQuality:4]]
[2023.09.26-02.50.27:125][  0]LogConfig: Setting CVar [[r.AmbientOcclusionMipLevelFactor:0.4]]
[2023.09.26-02.50.27:125][  0]LogConfig: Setting CVar [[r.AmbientOcclusionMaxQuality:100]]
[2023.09.26-02.50.27:125][  0]LogConfig: Setting CVar [[r.AmbientOcclusionLevels:-1]]
[2023.09.26-02.50.27:125][  0]LogConfig: Setting CVar [[r.AmbientOcclusionRadiusScale:1.0]]
[2023.09.26-02.50.27:125][  0]LogConfig: Setting CVar [[r.DepthOfFieldQuality:2]]
[2023.09.26-02.50.27:125][  0]LogConfig: Setting CVar [[r.RenderTargetPoolMin:400]]
[2023.09.26-02.50.27:125][  0]LogConfig: Setting CVar [[r.LensFlareQuality:2]]
[2023.09.26-02.50.27:125][  0]LogConfig: Setting CVar [[r.SceneColorFringeQuality:1]]
[2023.09.26-02.50.27:125][  0]LogConfig: Setting CVar [[r.EyeAdaptationQuality:2]]
[2023.09.26-02.50.27:125][  0]LogConfig: Setting CVar [[r.BloomQuality:5]]
[2023.09.26-02.50.27:125][  0]LogConfig: Setting CVar [[r.FastBlurThreshold:100]]
[2023.09.26-02.50.27:125][  0]LogConfig: Setting CVar [[r.Upscale.Quality:3]]
[2023.09.26-02.50.27:125][  0]LogConfig: Setting CVar [[r.Tonemapper.GrainQuantization:1]]
[2023.09.26-02.50.27:125][  0]LogConfig: Setting CVar [[r.LightShaftQuality:1]]
[2023.09.26-02.50.27:125][  0]LogConfig: Setting CVar [[r.Filter.SizeScale:1]]
[2023.09.26-02.50.27:125][  0]LogConfig: Setting CVar [[r.Tonemapper.Quality:5]]
[2023.09.26-02.50.27:125][  0]LogConfig: Setting CVar [[r.DOF.Gather.AccumulatorQuality:1        ; higher gathering accumulator quality]]
[2023.09.26-02.50.27:125][  0]LogConfig: Setting CVar [[r.DOF.Gather.PostfilterMethod:1          ; Median3x3 postfilering method]]
[2023.09.26-02.50.27:125][  0]LogConfig: Setting CVar [[r.DOF.Gather.EnableBokehSettings:0       ; no bokeh simulation when gathering]]
[2023.09.26-02.50.27:125][  0]LogConfig: Setting CVar [[r.DOF.Gather.RingCount:4                 ; medium number of samples when gathering]]
[2023.09.26-02.50.27:125][  0]LogConfig: Setting CVar [[r.DOF.Scatter.ForegroundCompositing:1    ; additive foreground scattering]]
[2023.09.26-02.50.27:125][  0]LogConfig: Setting CVar [[r.DOF.Scatter.BackgroundCompositing:2    ; additive background scattering]]
[2023.09.26-02.50.27:125][  0]LogConfig: Setting CVar [[r.DOF.Scatter.EnableBokehSettings:1      ; bokeh simulation when scattering]]
[2023.09.26-02.50.27:125][  0]LogConfig: Setting CVar [[r.DOF.Scatter.MaxSpriteRatio:0.1         ; only a maximum of 10% of scattered bokeh]]
[2023.09.26-02.50.27:125][  0]LogConfig: Setting CVar [[r.DOF.Recombine.Quality:1                ; cheap slight out of focus]]
[2023.09.26-02.50.27:125][  0]LogConfig: Setting CVar [[r.DOF.Recombine.EnableBokehSettings:0    ; no bokeh simulation on slight out of focus]]
[2023.09.26-02.50.27:125][  0]LogConfig: Setting CVar [[r.DOF.TemporalAAQuality:1                ; more stable temporal accumulation]]
[2023.09.26-02.50.27:125][  0]LogConfig: Setting CVar [[r.DOF.Kernel.MaxForegroundRadius:0.025]]
[2023.09.26-02.50.27:125][  0]LogConfig: Setting CVar [[r.DOF.Kernel.MaxBackgroundRadius:0.025]]
[2023.09.26-02.50.27:125][  0]LogConfig: Applying CVar settings from Section [TextureQuality@3] File [C:/Repos/CityBuilder_UE4/CityBuilder2/Saved/Config/Windows/Scalability.ini]
[2023.09.26-02.50.27:125][  0]LogConfig: Setting CVar [[r.Streaming.MipBias:0]]
[2023.09.26-02.50.27:125][  0]LogConfig: Setting CVar [[r.Streaming.AmortizeCPUToGPUCopy:0]]
[2023.09.26-02.50.27:125][  0]LogConfig: Setting CVar [[r.Streaming.MaxNumTexturesToStreamPerFrame:0]]
[2023.09.26-02.50.27:125][  0]LogConfig: Setting CVar [[r.Streaming.Boost:1]]
[2023.09.26-02.50.27:125][  0]LogConfig: Setting CVar [[r.MaxAnisotropy:8]]
[2023.09.26-02.50.27:125][  0]LogConfig: Setting CVar [[r.VT.MaxAnisotropy:8]]
[2023.09.26-02.50.27:125][  0]LogConfig: Setting CVar [[r.Streaming.LimitPoolSizeToVRAM:0]]
[2023.09.26-02.50.27:125][  0]LogConfig: Setting CVar [[r.Streaming.PoolSize:1000]]
[2023.09.26-02.50.27:125][  0]LogConfig: Setting CVar [[r.Streaming.MaxEffectiveScreenSize:0]]
[2023.09.26-02.50.27:125][  0]LogConfig: Applying CVar settings from Section [EffectsQuality@3] File [C:/Repos/CityBuilder_UE4/CityBuilder2/Saved/Config/Windows/Scalability.ini]
[2023.09.26-02.50.27:125][  0]LogConfig: Setting CVar [[r.TranslucencyLightingVolumeDim:64]]
[2023.09.26-02.50.27:125][  0]LogConfig: Setting CVar [[r.RefractionQuality:2]]
[2023.09.26-02.50.27:125][  0]LogConfig: Setting CVar [[r.SSR.Quality:3]]
[2023.09.26-02.50.27:126][  0]LogConfig: Setting CVar [[r.SSR.HalfResSceneColor:0]]
[2023.09.26-02.50.27:126][  0]LogConfig: Setting CVar [[r.SceneColorFormat:4]]
[2023.09.26-02.50.27:126][  0]LogConfig: Setting CVar [[r.DetailMode:2]]
[2023.09.26-02.50.27:126][  0]LogConfig: Setting CVar [[r.TranslucencyVolumeBlur:1]]
[2023.09.26-02.50.27:126][  0]LogConfig: Setting CVar [[r.MaterialQualityLevel:1 ; High quality]]
[2023.09.26-02.50.27:126][  0]LogConfig: Setting CVar [[r.AnisotropicMaterials:1]]
[2023.09.26-02.50.27:126][  0]LogConfig: Setting CVar [[r.SSS.Scale:1]]
[2023.09.26-02.50.27:126][  0]LogConfig: Setting CVar [[r.SSS.SampleSet:2]]
[2023.09.26-02.50.27:126][  0]LogConfig: Setting CVar [[r.SSS.Quality:1]]
[2023.09.26-02.50.27:126][  0]LogConfig: Setting CVar [[r.SSS.HalfRes:0]]
[2023.09.26-02.50.27:126][  0]LogConfig: Setting CVar [[r.SSGI.Quality:3]]
[2023.09.26-02.50.27:126][  0]LogConfig: Setting CVar [[r.EmitterSpawnRateScale:1.0]]
[2023.09.26-02.50.27:126][  0]LogConfig: Setting CVar [[r.ParticleLightQuality:2]]
[2023.09.26-02.50.27:126][  0]LogConfig: Setting CVar [[r.SkyAtmosphere.AerialPerspectiveLUT.FastApplyOnOpaque:1 ; Always have FastSkyLUT 1 in this case to avoid wrong sky]]
[2023.09.26-02.50.27:126][  0]LogConfig: Setting CVar [[r.SkyAtmosphere.AerialPerspectiveLUT.SampleCountMaxPerSlice:4]]
[2023.09.26-02.50.27:126][  0]LogConfig: Setting CVar [[r.SkyAtmosphere.AerialPerspectiveLUT.DepthResolution:16.0]]
[2023.09.26-02.50.27:126][  0]LogConfig: Setting CVar [[r.SkyAtmosphere.FastSkyLUT:1]]
[2023.09.26-02.50.27:126][  0]LogConfig: Setting CVar [[r.SkyAtmosphere.FastSkyLUT.SampleCountMin:4.0]]
[2023.09.26-02.50.27:126][  0]LogConfig: Setting CVar [[r.SkyAtmosphere.FastSkyLUT.SampleCountMax:128.0]]
[2023.09.26-02.50.27:126][  0]LogConfig: Setting CVar [[r.SkyAtmosphere.SampleCountMin:4.0]]
[2023.09.26-02.50.27:126][  0]LogConfig: Setting CVar [[r.SkyAtmosphere.SampleCountMax:128.0]]
[2023.09.26-02.50.27:126][  0]LogConfig: Setting CVar [[r.SkyAtmosphere.TransmittanceLUT.UseSmallFormat:0]]
[2023.09.26-02.50.27:126][  0]LogConfig: Setting CVar [[r.SkyAtmosphere.TransmittanceLUT.SampleCount:10.0]]
[2023.09.26-02.50.27:126][  0]LogConfig: Setting CVar [[r.SkyAtmosphere.MultiScatteringLUT.SampleCount:15.0]]
[2023.09.26-02.50.27:126][  0]LogConfig: Setting CVar [[r.SkyLight.RealTimeReflectionCapture:1]]
[2023.09.26-02.50.27:126][  0]LogConfig: Applying CVar settings from Section [FoliageQuality@3] File [C:/Repos/CityBuilder_UE4/CityBuilder2/Saved/Config/Windows/Scalability.ini]
[2023.09.26-02.50.27:126][  0]LogConfig: Setting CVar [[foliage.DensityScale:1.0]]
[2023.09.26-02.50.27:126][  0]LogConfig: Setting CVar [[grass.DensityScale:1.0]]
[2023.09.26-02.50.27:126][  0]LogConfig: Applying CVar settings from Section [ShadingQuality@3] File [C:/Repos/CityBuilder_UE4/CityBuilder2/Saved/Config/Windows/Scalability.ini]
[2023.09.26-02.50.27:126][  0]LogConfig: Setting CVar [[r.HairStrands.SkyLighting.IntegrationType:2]]
[2023.09.26-02.50.27:126][  0]LogConfig: Setting CVar [[r.HairStrands.SkyAO.SampleCount:4]]
[2023.09.26-02.50.27:126][  0]LogConfig: Setting CVar [[r.HairStrands.Visibility.MSAA.SamplePerPixel:4]]
[2023.09.26-02.50.27:126][  0]LogInit: Selected Device Profile: [Windows]
[2023.09.26-02.50.27:126][  0]LogInit: Applying CVar settings loaded from the selected device profile: [Windows]
[2023.09.26-02.50.27:126][  0]LogHAL: Display: Platform has ~ 16 GB [17097662464 / 17179869184 / 16], which maps to Larger [LargestMinGB=32, LargerMinGB=12, DefaultMinGB=8, SmallerMinGB=6, SmallestMinGB=0)
[2023.09.26-02.50.27:126][  0]LogInit: Going up to parent DeviceProfile []
[2023.09.26-02.50.27:126][  0]LogConfig: Applying CVar settings from Section [ViewDistanceQuality@3] File [C:/Repos/CityBuilder_UE4/CityBuilder2/Saved/Config/Windows/Scalability.ini]
[2023.09.26-02.50.27:126][  0]LogConfig: Setting CVar [[r.SkeletalMeshLODBias:0]]
[2023.09.26-02.50.27:126][  0]LogConfig: Setting CVar [[r.ViewDistanceScale:1.0]]
[2023.09.26-02.50.27:126][  0]LogConfig: Applying CVar settings from Section [AntiAliasingQuality@3] File [C:/Repos/CityBuilder_UE4/CityBuilder2/Saved/Config/Windows/Scalability.ini]
[2023.09.26-02.50.27:126][  0]LogConfig: Setting CVar [[r.PostProcessAAQuality:4]]
[2023.09.26-02.50.27:126][  0]LogConfig: Applying CVar settings from Section [ShadowQuality@3] File [C:/Repos/CityBuilder_UE4/CityBuilder2/Saved/Config/Windows/Scalability.ini]
[2023.09.26-02.50.27:126][  0]LogConfig: Setting CVar [[r.LightFunctionQuality:1]]
[2023.09.26-02.50.27:126][  0]LogConfig: Setting CVar [[r.ShadowQuality:5]]
[2023.09.26-02.50.27:126][  0]LogConfig: Setting CVar [[r.Shadow.CSM.MaxCascades:10]]
[2023.09.26-02.50.27:126][  0]LogConfig: Setting CVar [[r.Shadow.MaxResolution:2048]]
[2023.09.26-02.50.27:126][  0]LogConfig: Setting CVar [[r.Shadow.MaxCSMResolution:2048]]
[2023.09.26-02.50.27:126][  0]LogConfig: Setting CVar [[r.Shadow.RadiusThreshold:0.01]]
[2023.09.26-02.50.27:126][  0]LogConfig: Setting CVar [[r.Shadow.DistanceScale:1.0]]
[2023.09.26-02.50.27:126][  0]LogConfig: Setting CVar [[r.Shadow.CSM.TransitionScale:1.0]]
[2023.09.26-02.50.27:126][  0]LogConfig: Setting CVar [[r.Shadow.PreShadowResolutionFactor:1.0]]
[2023.09.26-02.50.27:126][  0]LogConfig: Setting CVar [[r.DistanceFieldShadowing:1]]
[2023.09.26-02.50.27:126][  0]LogConfig: Setting CVar [[r.DistanceFieldAO:1]]
[2023.09.26-02.50.27:126][  0]LogConfig: Setting CVar [[r.AOQuality:2]]
[2023.09.26-02.50.27:126][  0]LogConfig: Setting CVar [[r.VolumetricFog:1]]
[2023.09.26-02.50.27:126][  0]LogConfig: Setting CVar [[r.VolumetricFog.GridPixelSize:8]]
[2023.09.26-02.50.27:126][  0]LogConfig: Setting CVar [[r.VolumetricFog.GridSizeZ:128]]
[2023.09.26-02.50.27:126][  0]LogConfig: Setting CVar [[r.VolumetricFog.HistoryMissSupersampleCount:4]]
[2023.09.26-02.50.27:126][  0]LogConfig: Setting CVar [[r.LightMaxDrawDistanceScale:1]]
[2023.09.26-02.50.27:126][  0]LogConfig: Setting CVar [[r.CapsuleShadows:1]]
[2023.09.26-02.50.27:126][  0]LogConfig: Applying CVar settings from Section [PostProcessQuality@3] File [C:/Repos/CityBuilder_UE4/CityBuilder2/Saved/Config/Windows/Scalability.ini]
[2023.09.26-02.50.27:126][  0]LogConfig: Setting CVar [[r.MotionBlurQuality:4]]
[2023.09.26-02.50.27:126][  0]LogConfig: Setting CVar [[r.AmbientOcclusionMipLevelFactor:0.4]]
[2023.09.26-02.50.27:126][  0]LogConfig: Setting CVar [[r.AmbientOcclusionMaxQuality:100]]
[2023.09.26-02.50.27:126][  0]LogConfig: Setting CVar [[r.AmbientOcclusionLevels:-1]]
[2023.09.26-02.50.27:126][  0]LogConfig: Setting CVar [[r.AmbientOcclusionRadiusScale:1.0]]
[2023.09.26-02.50.27:126][  0]LogConfig: Setting CVar [[r.DepthOfFieldQuality:2]]
[2023.09.26-02.50.27:126][  0]LogConfig: Setting CVar [[r.RenderTargetPoolMin:400]]
[2023.09.26-02.50.27:126][  0]LogConfig: Setting CVar [[r.LensFlareQuality:2]]
[2023.09.26-02.50.27:126][  0]LogConfig: Setting CVar [[r.SceneColorFringeQuality:1]]
[2023.09.26-02.50.27:126][  0]LogConfig: Setting CVar [[r.EyeAdaptationQuality:2]]
[2023.09.26-02.50.27:126][  0]LogConfig: Setting CVar [[r.BloomQuality:5]]
[2023.09.26-02.50.27:126][  0]LogConfig: Setting CVar [[r.FastBlurThreshold:100]]
[2023.09.26-02.50.27:126][  0]LogConfig: Setting CVar [[r.Upscale.Quality:3]]
[2023.09.26-02.50.27:126][  0]LogConfig: Setting CVar [[r.Tonemapper.GrainQuantization:1]]
[2023.09.26-02.50.27:126][  0]LogConfig: Setting CVar [[r.LightShaftQuality:1]]
[2023.09.26-02.50.27:126][  0]LogConfig: Setting CVar [[r.Filter.SizeScale:1]]
[2023.09.26-02.50.27:126][  0]LogConfig: Setting CVar [[r.Tonemapper.Quality:5]]
[2023.09.26-02.50.27:126][  0]LogConfig: Setting CVar [[r.DOF.Gather.AccumulatorQuality:1        ; higher gathering accumulator quality]]
[2023.09.26-02.50.27:126][  0]LogConfig: Setting CVar [[r.DOF.Gather.PostfilterMethod:1          ; Median3x3 postfilering method]]
[2023.09.26-02.50.27:126][  0]LogConfig: Setting CVar [[r.DOF.Gather.EnableBokehSettings:0       ; no bokeh simulation when gathering]]
[2023.09.26-02.50.27:127][  0]LogConfig: Setting CVar [[r.DOF.Gather.RingCount:4                 ; medium number of samples when gathering]]
[2023.09.26-02.50.27:127][  0]LogConfig: Setting CVar [[r.DOF.Scatter.ForegroundCompositing:1    ; additive foreground scattering]]
[2023.09.26-02.50.27:127][  0]LogConfig: Setting CVar [[r.DOF.Scatter.BackgroundCompositing:2    ; additive background scattering]]
[2023.09.26-02.50.27:127][  0]LogConfig: Setting CVar [[r.DOF.Scatter.EnableBokehSettings:1      ; bokeh simulation when scattering]]
[2023.09.26-02.50.27:127][  0]LogConfig: Setting CVar [[r.DOF.Scatter.MaxSpriteRatio:0.1         ; only a maximum of 10% of scattered bokeh]]
[2023.09.26-02.50.27:127][  0]LogConfig: Setting CVar [[r.DOF.Recombine.Quality:1                ; cheap slight out of focus]]
[2023.09.26-02.50.27:127][  0]LogConfig: Setting CVar [[r.DOF.Recombine.EnableBokehSettings:0    ; no bokeh simulation on slight out of focus]]
[2023.09.26-02.50.27:127][  0]LogConfig: Setting CVar [[r.DOF.TemporalAAQuality:1                ; more stable temporal accumulation]]
[2023.09.26-02.50.27:127][  0]LogConfig: Setting CVar [[r.DOF.Kernel.MaxForegroundRadius:0.025]]
[2023.09.26-02.50.27:127][  0]LogConfig: Setting CVar [[r.DOF.Kernel.MaxBackgroundRadius:0.025]]
[2023.09.26-02.50.27:127][  0]LogConfig: Applying CVar settings from Section [TextureQuality@3] File [C:/Repos/CityBuilder_UE4/CityBuilder2/Saved/Config/Windows/Scalability.ini]
[2023.09.26-02.50.27:127][  0]LogConfig: Setting CVar [[r.Streaming.MipBias:0]]
[2023.09.26-02.50.27:127][  0]LogConfig: Setting CVar [[r.Streaming.AmortizeCPUToGPUCopy:0]]
[2023.09.26-02.50.27:127][  0]LogConfig: Setting CVar [[r.Streaming.MaxNumTexturesToStreamPerFrame:0]]
[2023.09.26-02.50.27:127][  0]LogConfig: Setting CVar [[r.Streaming.Boost:1]]
[2023.09.26-02.50.27:127][  0]LogConfig: Setting CVar [[r.MaxAnisotropy:8]]
[2023.09.26-02.50.27:127][  0]LogConfig: Setting CVar [[r.VT.MaxAnisotropy:8]]
[2023.09.26-02.50.27:127][  0]LogConfig: Setting CVar [[r.Streaming.LimitPoolSizeToVRAM:0]]
[2023.09.26-02.50.27:127][  0]LogConfig: Setting CVar [[r.Streaming.PoolSize:1000]]
[2023.09.26-02.50.27:127][  0]LogConfig: Setting CVar [[r.Streaming.MaxEffectiveScreenSize:0]]
[2023.09.26-02.50.27:127][  0]LogConfig: Applying CVar settings from Section [EffectsQuality@3] File [C:/Repos/CityBuilder_UE4/CityBuilder2/Saved/Config/Windows/Scalability.ini]
[2023.09.26-02.50.27:127][  0]LogConfig: Setting CVar [[r.TranslucencyLightingVolumeDim:64]]
[2023.09.26-02.50.27:127][  0]LogConfig: Setting CVar [[r.RefractionQuality:2]]
[2023.09.26-02.50.27:127][  0]LogConfig: Setting CVar [[r.SSR.Quality:3]]
[2023.09.26-02.50.27:127][  0]LogConfig: Setting CVar [[r.SSR.HalfResSceneColor:0]]
[2023.09.26-02.50.27:127][  0]LogConfig: Setting CVar [[r.SceneColorFormat:4]]
[2023.09.26-02.50.27:127][  0]LogConfig: Setting CVar [[r.DetailMode:2]]
[2023.09.26-02.50.27:127][  0]LogConfig: Setting CVar [[r.TranslucencyVolumeBlur:1]]
[2023.09.26-02.50.27:127][  0]LogConfig: Setting CVar [[r.MaterialQualityLevel:1 ; High quality]]
[2023.09.26-02.50.27:127][  0]LogConfig: Setting CVar [[r.AnisotropicMaterials:1]]
[2023.09.26-02.50.27:127][  0]LogConfig: Setting CVar [[r.SSS.Scale:1]]
[2023.09.26-02.50.27:127][  0]LogConfig: Setting CVar [[r.SSS.SampleSet:2]]
[2023.09.26-02.50.27:127][  0]LogConfig: Setting CVar [[r.SSS.Quality:1]]
[2023.09.26-02.50.27:127][  0]LogConfig: Setting CVar [[r.SSS.HalfRes:0]]
[2023.09.26-02.50.27:127][  0]LogConfig: Setting CVar [[r.SSGI.Quality:3]]
[2023.09.26-02.50.27:127][  0]LogConfig: Setting CVar [[r.EmitterSpawnRateScale:1.0]]
[2023.09.26-02.50.27:127][  0]LogConfig: Setting CVar [[r.ParticleLightQuality:2]]
[2023.09.26-02.50.27:127][  0]LogConfig: Setting CVar [[r.SkyAtmosphere.AerialPerspectiveLUT.FastApplyOnOpaque:1 ; Always have FastSkyLUT 1 in this case to avoid wrong sky]]
[2023.09.26-02.50.27:127][  0]LogConfig: Setting CVar [[r.SkyAtmosphere.AerialPerspectiveLUT.SampleCountMaxPerSlice:4]]
[2023.09.26-02.50.27:127][  0]LogConfig: Setting CVar [[r.SkyAtmosphere.AerialPerspectiveLUT.DepthResolution:16.0]]
[2023.09.26-02.50.27:127][  0]LogConfig: Setting CVar [[r.SkyAtmosphere.FastSkyLUT:1]]
[2023.09.26-02.50.27:127][  0]LogConfig: Setting CVar [[r.SkyAtmosphere.FastSkyLUT.SampleCountMin:4.0]]
[2023.09.26-02.50.27:127][  0]LogConfig: Setting CVar [[r.SkyAtmosphere.FastSkyLUT.SampleCountMax:128.0]]
[2023.09.26-02.50.27:127][  0]LogConfig: Setting CVar [[r.SkyAtmosphere.SampleCountMin:4.0]]
[2023.09.26-02.50.27:127][  0]LogConfig: Setting CVar [[r.SkyAtmosphere.SampleCountMax:128.0]]
[2023.09.26-02.50.27:127][  0]LogConfig: Setting CVar [[r.SkyAtmosphere.TransmittanceLUT.UseSmallFormat:0]]
[2023.09.26-02.50.27:127][  0]LogConfig: Setting CVar [[r.SkyAtmosphere.TransmittanceLUT.SampleCount:10.0]]
[2023.09.26-02.50.27:127][  0]LogConfig: Setting CVar [[r.SkyAtmosphere.MultiScatteringLUT.SampleCount:15.0]]
[2023.09.26-02.50.27:127][  0]LogConfig: Setting CVar [[r.SkyLight.RealTimeReflectionCapture:1]]
[2023.09.26-02.50.27:127][  0]LogConfig: Applying CVar settings from Section [FoliageQuality@3] File [C:/Repos/CityBuilder_UE4/CityBuilder2/Saved/Config/Windows/Scalability.ini]
[2023.09.26-02.50.27:127][  0]LogConfig: Setting CVar [[foliage.DensityScale:1.0]]
[2023.09.26-02.50.27:127][  0]LogConfig: Setting CVar [[grass.DensityScale:1.0]]
[2023.09.26-02.50.27:127][  0]LogConfig: Applying CVar settings from Section [ShadingQuality@3] File [C:/Repos/CityBuilder_UE4/CityBuilder2/Saved/Config/Windows/Scalability.ini]
[2023.09.26-02.50.27:127][  0]LogConfig: Setting CVar [[r.HairStrands.SkyLighting.IntegrationType:2]]
[2023.09.26-02.50.27:127][  0]LogConfig: Setting CVar [[r.HairStrands.SkyAO.SampleCount:4]]
[2023.09.26-02.50.27:127][  0]LogConfig: Setting CVar [[r.HairStrands.Visibility.MSAA.SamplePerPixel:4]]
[2023.09.26-02.50.27:127][  0]LogConfig: Applying CVar settings from Section [Startup] File [../../../Engine/Config/ConsoleVariables.ini]
[2023.09.26-02.50.27:127][  0]LogConfig: Setting CVar [[net.UseAdaptiveNetUpdateFrequency:0]]
[2023.09.26-02.50.27:127][  0]LogConfig: Setting CVar [[p.chaos.AllowCreatePhysxBodies:1]]
[2023.09.26-02.50.27:127][  0]LogConfig: Setting CVar [[fx.SkipVectorVMBackendOptimizations:1]]
[2023.09.26-02.50.27:127][  0]LogConfig: Applying CVar settings from Section [ConsoleVariables] File [C:/Repos/CityBuilder_UE4/CityBuilder2/Saved/Config/Windows/Engine.ini]
[2023.09.26-02.50.27:127][  0]LogConfig: Applying CVar settings from Section [ConsoleVariables] File [C:/Repos/CityBuilder_UE4/CityBuilder2/Saved/Config/Windows/Editor.ini]
[2023.09.26-02.50.27:128][  0]LogInit: Computer: LAPTOP-37N9HTEB
[2023.09.26-02.50.27:128][  0]LogInit: User: alexf
[2023.09.26-02.50.27:128][  0]LogInit: CPU Page size=4096, Cores=6
[2023.09.26-02.50.27:128][  0]LogInit: High frequency timer resolution =10.000000 MHz
[2023.09.26-02.50.27:128][  0]LogMemory: Memory total: Physical=15.9GB (16GB approx)
[2023.09.26-02.50.27:128][  0]LogMemory: Platform Memory Stats for Windows
[2023.09.26-02.50.27:128][  0]LogMemory: Process Physical Memory: 147.70 MB used, 147.70 MB peak
[2023.09.26-02.50.27:128][  0]LogMemory: Process Virtual Memory: 124.09 MB used, 124.09 MB peak
[2023.09.26-02.50.27:128][  0]LogMemory: Physical Memory: 10970.62 MB used,  5334.98 MB free, 16305.60 MB total
[2023.09.26-02.50.27:128][  0]LogMemory: Virtual Memory: 134209568.00 MB used,  8163.67 MB free, 134217728.00 MB total
[2023.09.26-02.50.27:180][  0]LogWindows: WindowsPlatformFeatures enabled
[2023.09.26-02.50.27:228][  0]LogInit: Physics initialised using underlying interface: PhysX
[2023.09.26-02.50.27:229][  0]LogInit: Using OS detected language (en-US).
[2023.09.26-02.50.27:229][  0]LogInit: Using OS detected locale (en-CA).
[2023.09.26-02.50.27:235][  0]LogTextLocalizationManager: No specific localization for 'en-US' exists, so the 'en' localization will be used.
[2023.09.26-02.50.27:431][  0]LogInit: Setting process to per monitor DPI aware
[2023.09.26-02.50.27:446][  0]LogWindowsTextInputMethodSystem: Display: IME system deactivated.
[2023.09.26-02.50.27:463][  0]LogSlate: New Slate User Created.  User Index 0, Is Virtual User: 0
[2023.09.26-02.50.27:463][  0]LogSlate: Slate User Registered.  User Index 0, Is Virtual User: 0
[2023.09.26-02.50.27:613][  0]LogD3D11RHI: Loaded GFSDK_Aftermath_Lib.x64.dll
[2023.09.26-02.50.27:617][  0]LogHMD: Failed to initialize OpenVR with code 110
[2023.09.26-02.50.27:617][  0]LogD3D11RHI: D3D11 min allowed feature level: 11_0
[2023.09.26-02.50.27:617][  0]LogD3D11RHI: D3D11 max allowed feature level: 11_0
[2023.09.26-02.50.27:617][  0]LogD3D11RHI: D3D11 adapters:
[2023.09.26-02.50.27:758][  0]LogD3D11RHI:    0. 'NVIDIA GeForce RTX 2070' (Feature Level 11_0)
[2023.09.26-02.50.27:758][  0]LogD3D11RHI:       8019/0/8152 MB DedicatedVideo/DedicatedSystem/SharedSystem, Outputs:1, VendorId:0x10de
[2023.09.26-02.50.27:760][  0]LogD3D11RHI:    1. 'Microsoft Basic Render Driver' (Feature Level 11_0)
[2023.09.26-02.50.27:760][  0]LogD3D11RHI:       0/0/8152 MB DedicatedVideo/DedicatedSystem/SharedSystem, Outputs:0, VendorId:0x1414
[2023.09.26-02.50.27:760][  0]LogD3D11RHI: Chosen D3D11 Adapter:
[2023.09.26-02.50.27:760][  0]LogD3D11RHI:     Description : NVIDIA GeForce RTX 2070
[2023.09.26-02.50.27:760][  0]LogD3D11RHI:     VendorId    : 10de
[2023.09.26-02.50.27:760][  0]LogD3D11RHI:     DeviceId    : 1f50
[2023.09.26-02.50.27:760][  0]LogD3D11RHI:     SubSysId    : 13af1043
[2023.09.26-02.50.27:761][  0]LogD3D11RHI:     Revision    : 00a1
[2023.09.26-02.50.27:761][  0]LogD3D11RHI:     DedicatedVideoMemory : 8408530944 bytes
[2023.09.26-02.50.27:761][  0]LogD3D11RHI:     DedicatedSystemMemory : 0 bytes
[2023.09.26-02.50.27:761][  0]LogD3D11RHI:     SharedSystemMemory : 8548831232 bytes
[2023.09.26-02.50.27:761][  0]LogD3D11RHI:     AdapterLuid : 0 379976428
[2023.09.26-02.50.27:767][  0]LogD3D11RHI: Creating new Direct3DDevice
[2023.09.26-02.50.27:767][  0]LogD3D11RHI:     GPU DeviceId: 0x1f50 (for the marketing name, search the web for "GPU Device Id")
[2023.09.26-02.50.27:767][  0]LogWindows: EnumDisplayDevices:
[2023.09.26-02.50.27:767][  0]LogWindows:    0. 'NVIDIA GeForce RTX 2070' (P:1 D:1)
[2023.09.26-02.50.27:767][  0]LogWindows:    1. 'NVIDIA GeForce RTX 2070' (P:0 D:0)
[2023.09.26-02.50.27:768][  0]LogWindows:    2. 'NVIDIA GeForce RTX 2070' (P:0 D:0)
[2023.09.26-02.50.27:768][  0]LogWindows:    3. 'NVIDIA GeForce RTX 2070' (P:0 D:0)
[2023.09.26-02.50.27:768][  0]LogWindows: DebugString: FoundDriverCount:4 
[2023.09.26-02.50.27:768][  0]LogD3D11RHI:     Adapter Name: NVIDIA GeForce RTX 2070
[2023.09.26-02.50.27:768][  0]LogD3D11RHI:   Driver Version: 537.42 (internal:31.0.15.3742, unified:537.42)
[2023.09.26-02.50.27:768][  0]LogD3D11RHI:      Driver Date: 9-12-2023
[2023.09.26-02.50.27:768][  0]LogRHI: Texture pool is 5613 MB (70% of 8019 MB)
[2023.09.26-02.50.27:768][  0]LogD3D11RHI: Creating D3DDevice using adapter:
[2023.09.26-02.50.27:768][  0]LogD3D11RHI:     Description : NVIDIA GeForce RTX 2070
[2023.09.26-02.50.27:768][  0]LogD3D11RHI:     VendorId    : 10de
[2023.09.26-02.50.27:768][  0]LogD3D11RHI:     DeviceId    : 1f50
[2023.09.26-02.50.27:768][  0]LogD3D11RHI:     SubSysId    : 13af1043
[2023.09.26-02.50.27:768][  0]LogD3D11RHI:     Revision    : 00a1
[2023.09.26-02.50.27:768][  0]LogD3D11RHI:     DedicatedVideoMemory : 8408530944 bytes
[2023.09.26-02.50.27:768][  0]LogD3D11RHI:     DedicatedSystemMemory : 0 bytes
[2023.09.26-02.50.27:768][  0]LogD3D11RHI:     SharedSystemMemory : 8548831232 bytes
[2023.09.26-02.50.27:768][  0]LogD3D11RHI:     AdapterLuid : 0 379976428
[2023.09.26-02.50.27:836][  0]LogD3D11RHI: RHI has support for 64 bit atomics
[2023.09.26-02.50.27:836][  0]LogD3D11RHI: Async texture creation enabled
[2023.09.26-02.50.27:837][  0]LogD3D11RHI: Array index from any shader is supported
[2023.09.26-02.50.27:865][  0]LogD3D11RHI: GPU Timing Frequency: 1000.000000 (Debug: 2 2)
[2023.09.26-02.50.27:913][  0]LogRHI: GeForceNow SDK initialized: 1
[2023.09.26-02.50.28:212][  0]LogTargetPlatformManager: Display: Loaded TargetPlatform 'AllDesktop'
[2023.09.26-02.50.28:230][  0]LogTargetPlatformManager: Display: Loaded TargetPlatform 'Android'
[2023.09.26-02.50.28:232][  0]LogTargetPlatformManager: Display: Loaded TargetPlatform 'Android_ASTC'
[2023.09.26-02.50.28:232][  0]LogTargetPlatformManager: Display: Loaded TargetPlatform 'Android_DXT'
[2023.09.26-02.50.28:232][  0]LogTargetPlatformManager: Display: Loaded TargetPlatform 'Android_ETC2'
[2023.09.26-02.50.28:232][  0]LogTargetPlatformManager: Display: Loaded TargetPlatform 'AndroidClient'
[2023.09.26-02.50.28:232][  0]LogTargetPlatformManager: Display: Loaded TargetPlatform 'Android_ASTCClient'
[2023.09.26-02.50.28:232][  0]LogTargetPlatformManager: Display: Loaded TargetPlatform 'Android_DXTClient'
[2023.09.26-02.50.28:232][  0]LogTargetPlatformManager: Display: Loaded TargetPlatform 'Android_ETC2Client'
[2023.09.26-02.50.28:232][  0]LogTargetPlatformManager: Display: Loaded TargetPlatform 'Android_Multi'
[2023.09.26-02.50.28:232][  0]LogTargetPlatformManager: Display: Loaded TargetPlatform 'Android_MultiClient'
[2023.09.26-02.50.28:250][  0]LogTargetPlatformManager: Display: Loaded TargetPlatform 'IOSClient'
[2023.09.26-02.50.28:250][  0]LogTargetPlatformManager: Display: Loaded TargetPlatform 'IOS'
[2023.09.26-02.50.28:260][  0]LogTargetPlatformManager: Display: Loaded TargetPlatform 'Linux'
[2023.09.26-02.50.28:264][  0]LogTargetPlatformManager: Display: Loaded TargetPlatform 'LinuxNoEditor'
[2023.09.26-02.50.28:269][  0]LogTargetPlatformManager: Display: Loaded TargetPlatform 'LinuxClient'
[2023.09.26-02.50.28:273][  0]LogTargetPlatformManager: Display: Loaded TargetPlatform 'LinuxServer'
[2023.09.26-02.50.28:282][  0]LogTargetPlatformManager: Display: Loaded TargetPlatform 'LinuxAArch64NoEditor'
[2023.09.26-02.50.28:287][  0]LogTargetPlatformManager: Display: Loaded TargetPlatform 'LinuxAArch64Client'
[2023.09.26-02.50.28:292][  0]LogTargetPlatformManager: Display: Loaded TargetPlatform 'LinuxAArch64Server'
[2023.09.26-02.50.28:314][  0]LogTargetPlatformManager: Display: Loaded TargetPlatform 'Lumin'
[2023.09.26-02.50.28:314][  0]LogTargetPlatformManager: Display: Loaded TargetPlatform 'LuminClient'
[2023.09.26-02.50.28:323][  0]LogTargetPlatformManager: Display: Loaded TargetPlatform 'MacNoEditor'
[2023.09.26-02.50.28:327][  0]LogTargetPlatformManager: Display: Loaded TargetPlatform 'Mac'
[2023.09.26-02.50.28:333][  0]LogTargetPlatformManager: Display: Loaded TargetPlatform 'MacClient'
[2023.09.26-02.50.28:337][  0]LogTargetPlatformManager: Display: Loaded TargetPlatform 'MacServer'
[2023.09.26-02.50.28:346][  0]LogTargetPlatformManager: Display: Loaded TargetPlatform 'TVOSClient'
[2023.09.26-02.50.28:346][  0]LogTargetPlatformManager: Display: Loaded TargetPlatform 'TVOS'
[2023.09.26-02.50.28:356][  0]LogTargetPlatformManager: Display: Loaded TargetPlatform 'WindowsNoEditor'
[2023.09.26-02.50.28:361][  0]LogTargetPlatformManager: Display: Loaded TargetPlatform 'Windows'
[2023.09.26-02.50.28:365][  0]LogTargetPlatformManager: Display: Loaded TargetPlatform 'WindowsClient'
[2023.09.26-02.50.28:370][  0]LogTargetPlatformManager: Display: Loaded TargetPlatform 'WindowsServer'
[2023.09.26-02.50.28:370][  0]LogTargetPlatformManager: Display: Building Assets For Windows
[2023.09.26-02.50.28:378][  0]LogAudioDebug: Display: Lib vorbis DLL was dynamically loaded.
[2023.09.26-02.50.28:411][  0]LogTextureFormatOodle: Display: Oodle Texture 2.9.0 init RDO Off
[2023.09.26-02.50.28:447][  0]LogRendererCore: Ray tracing is disabled. Reason: r.RayTracing=0.
[2023.09.26-02.50.28:447][  0]LogShaderCompilers: Guid format shader working directory is -7 characters bigger than the processId version (../../../../../../Repos/CityBuilder_UE4/CityBuilder2/Intermediate/Shaders/WorkingDirectory/14108/).
[2023.09.26-02.50.28:447][  0]LogShaderCompilers: Cleaned the shader compiler working directory 'C:/Users/alexf/AppData/Local/Temp/UnrealShaderWorkingDir/08C87EAC42633DBEC8433CB945F032D4/'.
[2023.09.26-02.50.28:448][  0]LogXGEController: Cannot use XGE Controller as Incredibuild is not installed on this machine.
[2023.09.26-02.50.28:448][  0]LogShaderCompilers: Cannot use XGE Shader Compiler as Incredibuild is not installed on this machine.
[2023.09.26-02.50.28:448][  0]LogShaderCompilers: Display: Using Local Shader Compiler.
[2023.09.26-02.50.29:208][  0]LogDerivedDataCache: Display: Max Cache Size: 512 MB
[2023.09.26-02.50.29:276][  0]LogDerivedDataCache: Loaded boot cache 0.07s 94MB C:/Users/alexf/AppData/Local/UnrealEngine/4.27/DerivedDataCache/Boot.ddc.
[2023.09.26-02.50.29:276][  0]LogDerivedDataCache: Display: Loaded Boot cache: C:/Users/alexf/AppData/Local/UnrealEngine/4.27/DerivedDataCache/Boot.ddc
[2023.09.26-02.50.29:276][  0]LogDerivedDataCache: FDerivedDataBackendGraph:  Pak pak cache file ../../../../../../Repos/CityBuilder_UE4/CityBuilder2/DerivedDataCache/DDC.ddp not found, will not use a pak cache.
[2023.09.26-02.50.29:276][  0]LogDerivedDataCache: Unable to find inner node Pak for hierarchical cache Hierarchy.
[2023.09.26-02.50.29:276][  0]LogDerivedDataCache: FDerivedDataBackendGraph:  CompressedPak pak cache file ../../../../../../Repos/CityBuilder_UE4/CityBuilder2/DerivedDataCache/Compressed.ddp not found, will not use a pak cache.
[2023.09.26-02.50.29:276][  0]LogDerivedDataCache: Unable to find inner node CompressedPak for hierarchical cache Hierarchy.
[2023.09.26-02.50.29:291][  0]LogDerivedDataCache: Display: Pak cache opened for reading ../../../Engine/DerivedDataCache/Compressed.ddp.
[2023.09.26-02.50.29:291][  0]LogDerivedDataCache: FDerivedDataBackendGraph:  EnterprisePak pak cache file ../../../Enterprise/DerivedDataCache/Compressed.ddp not found, will not use a pak cache.
[2023.09.26-02.50.29:291][  0]LogDerivedDataCache: Unable to find inner node EnterprisePak for hierarchical cache Hierarchy.
[2023.09.26-02.50.29:300][  0]LogDerivedDataCache: Speed tests for C:/Users/alexf/AppData/Local/UnrealEngine/Common/DerivedDataCache took 0.01 seconds
[2023.09.26-02.50.29:300][  0]LogDerivedDataCache: Display: Performance to C:/Users/alexf/AppData/Local/UnrealEngine/Common/DerivedDataCache: Latency=0.04ms. RandomReadSpeed=1143.95MBs, RandomWriteSpeed=132.62MBs. Assigned SpeedClass 'Local'
[2023.09.26-02.50.29:302][  0]LogDerivedDataCache: Using Local data cache path C:/Users/alexf/AppData/Local/UnrealEngine/Common/DerivedDataCache: Writable
[2023.09.26-02.50.29:302][  0]LogDerivedDataCache: Shared data cache path not found in *engine.ini, will not use an Shared cache.
[2023.09.26-02.50.29:302][  0]LogDerivedDataCache: Unable to find inner node Shared for hierarchical cache Hierarchy.
[2023.09.26-02.50.29:351][  0]LogSlate: Using FreeType 2.10.0
[2023.09.26-02.50.29:352][  0]LogSlate: SlateFontServices - WITH_FREETYPE: 1, WITH_HARFBUZZ: 1
[2023.09.26-02.50.29:379][  0]LogAssetRegistry: FAssetRegistry took 0.0027 seconds to start up
[2023.09.26-02.50.29:647][  0]LogInit: Selected Device Profile: [Windows]
[2023.09.26-02.50.29:647][  0]LogInit: Active device profile: [000002944EE81400][000002944F73C0C0 49] Windows
[2023.09.26-02.50.29:647][  0]LogInit: Profiles: [000002944EE81400][000002944F73C0C0 49] Windows, [000002944EE33100][000002944BDB8240 49] WindowsNoEditor, [000002944EE81100][000002944D0323C0 49] WindowsServer, [000002944EE31100][000002944D036540 49] WindowsClient, [000002944EE82500][000002944BE6E680 49] IOS, [000002944EE81200][000002944D03A7C0 49] iPadAir, [000002944EE59B00][000002944D03E900 49] iPadAir2, [000002944EDCC700][000002944D050BC0 49] IPadPro, [000002944EDCC800][000002944D046C00 49] iPadAir3, [000002944EE58100][000002944D05AD80 49] iPadAir4, [000002944EDCC300][000002944D05EF00 49] iPadMini2, [000002944EE5B200][000002944D063080 49] iPadMini3, [000002944EDCF100][000002944D067200 49] iPadMini4, [000002944EE5BA00][000002944D06B380 49] iPadMini5, [000002944EDBFF00][000002944F9D5640 49] iPhone6, [000002944EDBFE00][000002944F9D1680 49] iPodTouch6, [000002944EE31F00][000002944F9DD940 49] iPhone7, [000002944EE31E00][000002944F9D9980 49] iPodTouch7, [000002944EDBC500][000002944F9E1B00 49] iPhone5S, [000002944EE33200][000002944F9E4100 49] iPhone6Plus, [000002944EDBD600][000002944F9E8280 49] iPhone6S, [000002944EE32800][000002944F9EC400 49] iPhone6SPlus, [000002944EDBE300][000002944F9F0580 49] iPhone7Plus, [000002944EE31200][000002944F9F4700 49] iPhoneSE, [000002944EDBC100][000002944D042840 49] iPhone8, [000002944EE30A00][000002944F9F8980 49] iPhone8Plus, [000002944EDBF100][000002944F9FCAC0 49] iPhoneX, [000002944EE31700][000002944FA04C40 49] iPhoneXS, [000002944EDBD200][000002944FA08DC0 49] iPhoneXSMax, [000002944EE33A00][000002944FA0CF40 49] iPhoneXR, [000002944EDBCA00][000002944FA110C0 49] iPhone11, [000002944EE32300][000002944FA15240 49] iPhone11Pro, [000002944EDBEB00][000002944FA193C0 49] iPhone11ProMax, [000002944EE31A00][000002944FA1D540 49] iPhoneSE2, [000002944EDBFA00][000002944FA216C0 49] iPhone12Mini, [000002944EE32400][000002944FA25840 49] iPhone12, [000002944EDBC400][000002944FA299C0 49] iPhone12Pro, [000002944EE30E00][000002944FA2DB40 49] iPhone12ProMax, [000002944EDBDA00][000002944FA30140 49] iPadPro105, [000002944EE31400][000002944FA342C0 49] iPadPro129, [000002944EDBC900][000002944FA38440 49] iPadPro97, [000002944EE32200][000002944FA3C5C0 49] iPadPro2_129, [000002944EDBF800][000002944FA40740 49] iPad5, [000002944EE33D00][000002944FA448C0 49] iPad6, [000002944EDBE400][000002944FA00A00 49] iPad7, [000002944EE33700][000002944FA48B40 49] iPad8, [000002944EDBCE00][000002944FA4CC80 49] iPadPro11, [000002944EE32E00][000002944FA50DC0 49] iPadPro2_11, [000002944EDBCF00][000002944FA58F40 49] iPadPro3_129, [000002944EE30300][000002944FA5D0C0 49] iPadPro4_129, [000002944EDBDD00][000002944FA61240 49] AppleTV, [000002944EE33400][000002944FA653C0 49] AppleTV4K, [000002944EDBEA00][000002944FA69540 49] TVOS, [000002944EE32C00][000002944FA6D6C0 49] Mac, [000002944EDBD800][000002944FA71840 49] MacClient, [000002944EE31D00][000002944FA759C0 49] MacNoEditor, [000002944EDBF900][000002944FA79B40 49] MacServer, [000002944EE30600][000002944FA7C140 49] Linux, [000002944EDBEF00][000002944FA802C0 49] LinuxAArch64, [000002944EE33800][000002944FA84440 49] LinuxNoEditor, [000002944EDBF300][000002944FA885C0 49] LinuxAArch64NoEditor, [000002944EE31600][000002944FA8C740 49] LinuxClient, [000002944EDBD900][000002944FA908C0 49] LinuxAArch64Client, [000002944EE32A00][000002944FA94A40 49] LinuxServer, [000002944EDBFD00][000002944FA54B80 49] LinuxAArch64Server, [000002944EE31300][000002944FA98CC0 49] Android, [000002944EDBDF00][000002944FA9CE00 49] Android_Low, [000002944EE58500][000002944FAA0F40 49] Android_Mid, [000002944EE81F00][000002944FAA90C0 49] Android_High, [000002944EE5B900][000002944FAAD240 49] Android_Default, [000002944EE80E00][000002944FAB13C0 49] Android_Adreno4xx, [000002944EE58200][000002944FAB5540 49] Android_Adreno5xx_Low, [000002944EE80700][000002944FAB96C0 49] Android_Adreno5xx, [000002944EE5BB00][000002944FABD840 49] Android_Adreno6xx, [000002944EE82A00][000002944FAC19C0 49] Android_Adreno6xx_Vulkan, [000002944EE59800][000002944FAC5B40 49] Android_Mali_T6xx, [000002944EE82200][000002944FAC8140 49] Android_Mali_T7xx, [000002944EE58F00][000002944FACC2C0 49] Android_Mali_T8xx, [000002944EE83800][000002944FAD0440 49] Android_Mali_G71, [000002944EE5A900][000002944FAD45C0 49] Android_Mali_G72, [000002944EE80900][000002944FAD8740 49] Android_Mali_G72_Vulkan, [000002944EE59A00][000002944FADC8C0 49] Android_Mali_G76, [000002944EE81B00][000002944FAE0A40 49] Android_Mali_G76_Vulkan, [000002944EE59300][000002944FAE4BC0 49] Android_Mali_G77, [000002944EE81D00][000002944FAE8D40 49] Android_Mali_G77_Vulkan, [000002944EE5B500][000002944FAA4E80 49] Android_Mali_G78, [000002944EE83E00][000002944FAECFC0 49] Android_Mali_G78_Vulkan, [000002944EE5A800][000002944FAF1100 49] Android_Mali_G710, [000002944EE83000][000002944FAF9280 49] Android_Mali_G710_Vulkan, [000002944EE59600][000002944FAFD400 49] Android_Vulkan_SM5, [000002944EE80B00][000002944FB01580 49] Android_PowerVR_G6xxx, [000002944EE5A400][000002944FB05700 49] Android_PowerVR_GT7xxx, [000002944EE81000][000002944FB09880 49] Android_PowerVR_GE8xxx, [000002944EE58E00][000002944FB0DA00 49] Android_PowerVR_GM9xxx, [000002944EDBCD00][000002944FB11B80 49] Android_PowerVR_GM9xxx_Vulkan, [000002944EE59F00][000002944FB14180 49] Android_TegraK1, [000002944EDBE200][000002944FB18300 49] Android_Unknown_Vulkan, [000002944EE59900][000002944FB1C480 49] Lumin, [000002944EDBF200][000002944FB20600 49] Lumin_Desktop, [000002944EE59500][000002944FB24780 49] HoloLens, 
[2023.09.26-02.50.29:796][  0]LogMeshReduction: Using QuadricMeshReduction for automatic static mesh reduction
[2023.09.26-02.50.29:796][  0]LogMeshReduction: Using SimplygonMeshReduction for automatic skeletal mesh reduction
[2023.09.26-02.50.29:796][  0]LogMeshReduction: Using ProxyLODMeshReduction for automatic mesh merging
[2023.09.26-02.50.29:796][  0]LogMeshReduction: No distributed automatic mesh merging module available
[2023.09.26-02.50.29:796][  0]LogMeshMerging: No distributed automatic mesh merging module available
[2023.09.26-02.50.29:811][  0]LogNetVersion: CityBuilder2 1.0.0, NetCL: 17155196, EngineNetVer: 17, GameNetVer: 0 (Checksum: 1518204776)
[2023.09.26-02.50.30:188][  0]LogTexture: Default maximum texture size for cubemaps generated from long-lat sources has been changed from 512 to unlimited. In order to preserve old behaiour for '/Engine/MapTemplates/Sky/DaylightAmbientCubemap.DaylightAmbientCubemap', its maximum texture size has been explicitly set to 512.
[2023.09.26-02.50.30:258][  0]LogHMD: PokeAHoleMaterial loaded successfully
[2023.09.26-02.50.30:265][  0]LogUObjectArray: 17178 objects as part of root set at end of initial load.
[2023.09.26-02.50.30:265][  0]LogUObjectAllocator: 4302048 out of 0 bytes used by permanent object pool.
[2023.09.26-02.50.30:265][  0]LogUObjectArray: CloseDisregardForGC: 0/0 objects in disregard for GC pool
[2023.09.26-02.50.30:535][  0]LogPython: Using Python 3.7.7
[2023.09.26-02.50.31:069][  0]LogNiagaraDebuggerClient: Niagara Debugger Client Initialized | Session: 12B4769C48424FC451DFDE98C668F4EC | Instance: 632B29114D162D816C90809791231A09 (LAPTOP-37N9HTEB-14108).
[2023.09.26-02.50.31:228][  0]LogTcpMessaging: Initializing TcpMessaging bridge
[2023.09.26-02.50.31:244][  0]LogUdpMessaging: Initializing bridge on interface 0.0.0.0:0 to multicast group 230.0.0.1:6666.
[2023.09.26-02.50.31:311][  0]LogLinker: Warning: Failed to load '/Game/Tutorials/LevelDesign3/Lesson02/Elevator': Can't find file.
[2023.09.26-02.50.31:311][  0]LogLinker: Warning: Failed to load '/Game/Tutorials/LevelDesign3/Lesson02/Elevator': Can't find file.
[2023.09.26-02.50.31:311][  0]LogUObjectGlobals: Warning: Failed to find object 'Class /Game/Tutorials/LevelDesign3/Lesson02/Elevator.Elevator_C'
[2023.09.26-02.50.31:311][  0]LogLinker: Warning: Failed to load '/Game/Tutorials/LevelDesign2/Lesson03/MovingElevator': Can't find file.
[2023.09.26-02.50.31:311][  0]LogLinker: Warning: Failed to load '/Game/Tutorials/LevelDesign2/Lesson03/MovingElevator': Can't find file.
[2023.09.26-02.50.31:311][  0]LogUObjectGlobals: Warning: Failed to find object 'Class /Game/Tutorials/LevelDesign2/Lesson03/MovingElevator.MovingElevator_C'
[2023.09.26-02.50.31:404][  0]SourceControl: Source control is disabled
[2023.09.26-02.50.31:404][  0]SourceControl: Source control is disabled
[2023.09.26-02.50.31:407][  0]SourceControl: Source control is disabled
[2023.09.26-02.50.31:414][  0]SourceControl: Source control is disabled
[2023.09.26-02.50.31:422][  0]SourceControl: Source control is disabled
[2023.09.26-02.50.31:429][  0]LogUProjectInfo: Found projects:
[2023.09.26-02.50.31:630][  0]LogOpenImageDenoise: OIDN starting up
[2023.09.26-02.50.31:697][  0]LogAndroidPermission: UAndroidPermissionCallbackProxy::GetInstance
[2023.09.26-02.50.31:726][  0]LogAudioCaptureCore: Display: No Audio Capture implementations found. Audio input will be silent.
[2023.09.26-02.50.31:726][  0]LogAudioCaptureCore: Display: No Audio Capture implementations found. Audio input will be silent.
[2023.09.26-02.50.31:848][  0]LogCollectionManager: Loaded 0 collections in 0.001806 seconds
[2023.09.26-02.50.31:875][  0]LogFileCache: Scanning file cache for directory 'C:/Repos/CityBuilder_UE4/CityBuilder2/Saved/Collections/' took 0.00s
[2023.09.26-02.50.31:875][  0]LogFileCache: Scanning file cache for directory 'C:/Repos/CityBuilder_UE4/CityBuilder2/Content/Developers/alexf/Collections/' took 0.00s
[2023.09.26-02.50.31:875][  0]LogFileCache: Scanning file cache for directory 'C:/Repos/CityBuilder_UE4/CityBuilder2/Content/Collections/' took 0.00s
[2023.09.26-02.50.31:875][  0]LogOcInput: OculusInput pre-init called
[2023.09.26-02.50.32:123][  0]LogEngine: Initializing Engine...
[2023.09.26-02.50.32:125][  0]LogHMD: Failed to enumerate extensions. Please check that you have a valid OpenXR runtime installed.
[2023.09.26-02.50.32:125][  0]LogHMD: Failed to initialize OpenVR with code 110
[2023.09.26-02.50.32:125][  0]LogMagicLeap: Warning: VR disabled because ZI is not enabled.  To enable, in the editor, Edit -> Project Settings -> Plugins -> Magic Leap Plugin -> Enable Zero Iteration
[2023.09.26-02.50.32:125][  0]LogStats: UGameplayTagsManager::InitializeManager -  0.000 s
[2023.09.26-02.50.32:276][  0]LogInit: Initializing FReadOnlyCVARCache
[2023.09.26-02.50.32:287][  0]LogAIModule: Creating AISystem for world Untitled
[2023.09.26-02.50.32:304][  0]LogAudio: Display: Initializing Audio Device Manager...
[2023.09.26-02.50.32:309][  0]LogAudio: Display: Loading Default Audio Settings Objects...
[2023.09.26-02.50.32:309][  0]LogAudio: Display: No default SoundConcurrencyObject specified (or failed to load).
[2023.09.26-02.50.32:310][  0]LogAudio: Display: Audio Device Manager Initialized
[2023.09.26-02.50.32:310][  0]LogAudio: Display: Creating Audio Device:                 Id: 1, Scope: Shared, Realtime: True
[2023.09.26-02.50.32:310][  0]LogAudioMixer: Display: Audio Mixer Platform Settings:
[2023.09.26-02.50.32:310][  0]LogAudioMixer: Display: 	Sample Rate:						  48000
[2023.09.26-02.50.32:310][  0]LogAudioMixer: Display: 	Callback Buffer Frame Size Requested: 1024
[2023.09.26-02.50.32:310][  0]LogAudioMixer: Display: 	Callback Buffer Frame Size To Use:	  1024
[2023.09.26-02.50.32:310][  0]LogAudioMixer: Display: 	Number of buffers to queue:			  2
[2023.09.26-02.50.32:310][  0]LogAudioMixer: Display: 	Max Channels (voices):				  32
[2023.09.26-02.50.32:310][  0]LogAudioMixer: Display: 	Number of Async Source Workers:		  0
[2023.09.26-02.50.32:310][  0]LogAudio: Display: AudioDevice MaxSources: 32
[2023.09.26-02.50.32:310][  0]LogAudio: Display: Audio Spatialization Plugin: None (built-in).
[2023.09.26-02.50.32:310][  0]LogAudio: Display: Audio Reverb Plugin: None (built-in).
[2023.09.26-02.50.32:310][  0]LogAudio: Display: Audio Occlusion Plugin: None (built-in).
[2023.09.26-02.50.32:310][  0]LogAudioMixer: Display: Initializing audio mixer.
[2023.09.26-02.50.32:862][  0]LogAudioMixer: Display: 0: FrontLeft
[2023.09.26-02.50.32:862][  0]LogAudioMixer: Display: 1: FrontRight
[2023.09.26-02.50.32:862][  0]LogAudioMixer: Display: 2: FrontCenter
[2023.09.26-02.50.32:862][  0]LogAudioMixer: Display: 3: LowFrequency
[2023.09.26-02.50.32:862][  0]LogAudioMixer: Display: 4: BackLeft
[2023.09.26-02.50.32:862][  0]LogAudioMixer: Display: 5: BackRight
[2023.09.26-02.50.32:862][  0]LogAudioMixer: Display: 6: SideLeft
[2023.09.26-02.50.32:862][  0]LogAudioMixer: Display: 7: SideRight
[2023.09.26-02.50.33:137][  0]LogAudioMixer: Display: Using Audio Device Speakers (Realtek(R) Audio)
[2023.09.26-02.50.33:141][  0]LogAudioMixer: Display: Initializing Sound Submixes...
[2023.09.26-02.50.33:143][  0]LogAudioMixer: Display: Creating Master Submix 'MasterSubmixDefault'
[2023.09.26-02.50.33:143][  0]LogAudioMixer: Display: Creating Master Submix 'MasterReverbSubmixDefault'
[2023.09.26-02.50.33:144][  0]LogAudioMixer: Display: Creating Master Submix 'MasterEQSubmixDefault'
[2023.09.26-02.50.33:144][  0]LogAudioMixer: FMixerPlatformXAudio2::StartAudioStream() called
[2023.09.26-02.50.33:144][  0]LogAudioMixer: Display: Output buffers initialized: Frames=1024, Channels=8, Samples=8192
[2023.09.26-02.50.33:145][  0]LogAudioMixer: Display: Starting AudioMixerPlatformInterface::RunInternal()
[2023.09.26-02.50.33:145][  0]LogAudioMixer: Display: FMixerPlatformXAudio2::SubmitBuffer() called for the first time
[2023.09.26-02.50.33:145][  0]LogInit: FAudioDevice initialized.
[2023.09.26-02.50.33:145][  0]LogAudio: Display: Audio Device (ID: 1) registered with world 'Untitled'.
[2023.09.26-02.50.33:145][  0]LogNetVersion: Set ProjectVersion to 1.0.0.0. Version Checksum will be recalculated on next use.
[2023.09.26-02.50.33:200][  0]LogDerivedDataCache: Saved boot cache 0.05s 94MB C:/Users/alexf/AppData/Local/UnrealEngine/4.27/DerivedDataCache/Boot.ddc.
[2023.09.26-02.50.33:204][  0]LogInit: Texture streaming: Enabled
[2023.09.26-02.50.33:217][  0]LogAnalytics: Display: [UEEditor.Rocket.Release] APIServer = https://datarouter.ol.epicgames.com/. AppVersion = 4.27.2-18319896+++UE4+Release-4.27
[2023.09.26-02.50.33:221][  0]LogEngineSessionManager: EngineSessionManager initialized
[2023.09.26-02.50.33:221][  0]LogEditorSessionSummary: Verbose: Initializing EditorSessionSummaryWriter for editor session tracking
[2023.09.26-02.50.33:223][  0]LogEditorSessionSummary: EditorSessionSummaryWriter initialized
[2023.09.26-02.50.33:242][  0]LogInit: Transaction tracking system initialized
[2023.09.26-02.50.33:266][  0]BlueprintLog: New page: Editor Load
[2023.09.26-02.50.33:347][  0]LocalizationService: Localization service is disabled
[2023.09.26-02.50.33:370][  0]TimingProfiler: Initialize
[2023.09.26-02.50.33:370][  0]TimingProfiler: OnSessionChanged
[2023.09.26-02.50.33:372][  0]LoadingProfiler: Initialize
[2023.09.26-02.50.33:372][  0]LoadingProfiler: OnSessionChanged
[2023.09.26-02.50.33:372][  0]NetworkingProfiler: Initialize
[2023.09.26-02.50.33:372][  0]NetworkingProfiler: OnSessionChanged
[2023.09.26-02.50.33:372][  0]MemoryProfiler: Initialize
[2023.09.26-02.50.33:372][  0]MemoryProfiler: OnSessionChanged
[2023.09.26-02.50.33:555][  0]LogCook: Display: CookSettings for Memory: MemoryMaxUsedVirtual 0MiB, MemoryMaxUsedPhysical 16384MiB, MemoryMinFreeVirtual 0MiB, MemoryMinFreePhysical 1024MiB
[2023.09.26-02.50.33:555][  0]LogCook: Display: Mobile HDR setting 1
[2023.09.26-02.50.33:747][  0]LogFileCache: Scanning file cache for directory 'C:/Repos/CityBuilder_UE4/CityBuilder2/Content/' took 0.00s
[2023.09.26-02.50.33:937][  0]LogInit: Display: Engine is initialized. Leaving FEngineLoop::Init()
[2023.09.26-02.50.33:940][  0]SourceControl: Source control is disabled
[2023.09.26-02.50.33:940][  0]LogUnrealEdMisc: Loading editor; pre map load, took 8.052
[2023.09.26-02.50.33:940][  0]Cmd: MAP LOAD FILE="../../../Engine/Content/Maps/Templates/Template_Default.umap" TEMPLATE=1 SHOWPROGRESS=1 FEATURELEVEL=3
[2023.09.26-02.50.33:942][  0]LightingResults: New page: Lighting Build
[2023.09.26-02.50.33:943][  0]LogWorld: UWorld::CleanupWorld for Untitled, bSessionEnded=true, bCleanupResources=true
[2023.09.26-02.50.33:943][  0]LogSlate: InvalidateAllWidgets triggered.  All widgets were invalidated
[2023.09.26-02.50.33:943][  0]MapCheck: New page: Map Check
[2023.09.26-02.50.33:943][  0]LightingResults: New page: Lighting Build
[2023.09.26-02.50.33:947][  0]LogAudio: Display: Audio Device unregistered from world 'None'.
[2023.09.26-02.50.33:950][  0]LogUObjectHash: Compacting FUObjectHashTables data took   0.75ms
[2023.09.26-02.50.34:000][  0]LogTexture: Display: Building textures: DeprecatedTextureEB9CBE3C423008B5E8E130901E171C89 (BGRA8, 128X128)
[2023.09.26-02.50.34:013][  0]LogAudio: Display: Audio Device (ID: 1) registered with world 'Untitled_1'.
[2023.09.26-02.50.34:015][  0]LogAIModule: Creating AISystem for world Untitled_1
[2023.09.26-02.50.34:020][  0]LogEditorServer: Finished looking for orphan Actors (0.000 secs)
[2023.09.26-02.50.34:032][  0]LogUObjectHash: Compacting FUObjectHashTables data took   1.86ms
[2023.09.26-02.50.34:032][  0]Cmd: MAP CHECKDEP NOCLEARLOG
[2023.09.26-02.50.34:032][  0]MapCheck: Map check complete: 0 Error(s), 0 Warning(s), took 0.221ms to complete.
[2023.09.26-02.50.34:032][  0]LogFileHelpers: Loading map 'Template_Default' took 0.092
[2023.09.26-02.50.34:035][  0]LogUnrealEdMisc: Total Editor Startup Time, took 8.147
[2023.09.26-02.50.34:157][  0]LogSlate: Updating window title bar state: overlay mode, drag disabled, window buttons hidden, title bar hidden
[2023.09.26-02.50.34:162][  0]LogSlate: Updating window title bar state: overlay mode, drag disabled, window buttons hidden, title bar hidden
[2023.09.26-02.50.34:169][  0]LogSlate: Updating window title bar state: overlay mode, drag disabled, window buttons hidden, title bar hidden
[2023.09.26-02.50.34:174][  0]LogSlate: Updating window title bar state: overlay mode, drag disabled, window buttons hidden, title bar hidden
[2023.09.26-02.50.34:187][  0]LogNativeClassHierarchy: Verbose: Native class hierarchy populated in 0.0091 seconds. Added 3822 classes and 928 folders.
[2023.09.26-02.50.34:189][  0]LogNativeClassHierarchy: Verbose: Native class hierarchy updated for 'WidgetCarousel' in 0.0002 seconds. Added 0 classes and 0 folders.
[2023.09.26-02.50.34:191][  0]LogPakFile: PakFile PrimaryIndexSize=187
[2023.09.26-02.50.34:191][  0]LogPakFile: PakFile PathHashIndexSize=101
[2023.09.26-02.50.34:191][  0]LogPakFile: PakFile FullDirectoryIndexSize=148
[2023.09.26-02.50.34:191][  0]LogShaderLibrary: Display: ShaderCodeLibraryPakFileMountedCallback: PakFile 'C:/Program Files/Epic Games/UE_4.27/FeaturePacks/FP_FirstPerson.upack' (chunk index -1, root 'root:/') mounted
[2023.09.26-02.50.34:191][  0]LogShaderLibrary: Display: ShaderCodeLibraryPakFileMountedCallback: pending pak file info (ChunkID:-1 Root:root:/ File:C:/Program Files/Epic Games/UE_4.27/FeaturePacks/FP_FirstPerson.upack)
[2023.09.26-02.50.34:191][  0]LogPakFile: OnPakFileMounted2Time == 0.000054
[2023.09.26-02.50.34:191][  0]LogPakFile: PakFile PrimaryIndexSize=189
[2023.09.26-02.50.34:191][  0]LogPakFile: PakFile PathHashIndexSize=101
[2023.09.26-02.50.34:191][  0]LogPakFile: PakFile FullDirectoryIndexSize=152
[2023.09.26-02.50.34:191][  0]LogShaderLibrary: Display: ShaderCodeLibraryPakFileMountedCallback: PakFile 'C:/Program Files/Epic Games/UE_4.27/FeaturePacks/FP_FirstPersonBP.upack' (chunk index -1, root 'root:/') mounted
[2023.09.26-02.50.34:191][  0]LogShaderLibrary: Display: ShaderCodeLibraryPakFileMountedCallback: pending pak file info (ChunkID:-1 Root:root:/ File:C:/Program Files/Epic Games/UE_4.27/FeaturePacks/FP_FirstPersonBP.upack)
[2023.09.26-02.50.34:191][  0]LogPakFile: OnPakFileMounted2Time == 0.000037
[2023.09.26-02.50.34:192][  0]LogPakFile: PakFile PrimaryIndexSize=191
[2023.09.26-02.50.34:192][  0]LogPakFile: PakFile PathHashIndexSize=101
[2023.09.26-02.50.34:192][  0]LogPakFile: PakFile FullDirectoryIndexSize=160
[2023.09.26-02.50.34:192][  0]LogShaderLibrary: Display: ShaderCodeLibraryPakFileMountedCallback: PakFile 'C:/Program Files/Epic Games/UE_4.27/FeaturePacks/MobileStarterContent.upack' (chunk index -1, root 'root:/') mounted
[2023.09.26-02.50.34:192][  0]LogShaderLibrary: Display: ShaderCodeLibraryPakFileMountedCallback: pending pak file info (ChunkID:-1 Root:root:/ File:C:/Program Files/Epic Games/UE_4.27/FeaturePacks/MobileStarterContent.upack)
[2023.09.26-02.50.34:192][  0]LogPakFile: OnPakFileMounted2Time == 0.000042
[2023.09.26-02.50.34:192][  0]LogPakFile: PakFile PrimaryIndexSize=185
[2023.09.26-02.50.34:192][  0]LogPakFile: PakFile PathHashIndexSize=101
[2023.09.26-02.50.34:192][  0]LogPakFile: PakFile FullDirectoryIndexSize=148
[2023.09.26-02.50.34:192][  0]LogShaderLibrary: Display: ShaderCodeLibraryPakFileMountedCallback: PakFile 'C:/Program Files/Epic Games/UE_4.27/FeaturePacks/StarterContent.upack' (chunk index -1, root 'root:/') mounted
[2023.09.26-02.50.34:192][  0]LogShaderLibrary: Display: ShaderCodeLibraryPakFileMountedCallback: pending pak file info (ChunkID:-1 Root:root:/ File:C:/Program Files/Epic Games/UE_4.27/FeaturePacks/StarterContent.upack)
[2023.09.26-02.50.34:192][  0]LogPakFile: OnPakFileMounted2Time == 0.000034
[2023.09.26-02.50.34:193][  0]LogPakFile: PakFile PrimaryIndexSize=190
[2023.09.26-02.50.34:193][  0]LogPakFile: PakFile PathHashIndexSize=101
[2023.09.26-02.50.34:193][  0]LogPakFile: PakFile FullDirectoryIndexSize=154
[2023.09.26-02.50.34:193][  0]LogShaderLibrary: Display: ShaderCodeLibraryPakFileMountedCallback: PakFile 'C:/Program Files/Epic Games/UE_4.27/FeaturePacks/TP_2DSideScroller.upack' (chunk index -1, root 'root:/') mounted
[2023.09.26-02.50.34:193][  0]LogShaderLibrary: Display: ShaderCodeLibraryPakFileMountedCallback: pending pak file info (ChunkID:-1 Root:root:/ File:C:/Program Files/Epic Games/UE_4.27/FeaturePacks/TP_2DSideScroller.upack)
[2023.09.26-02.50.34:193][  0]LogPakFile: OnPakFileMounted2Time == 0.000035
[2023.09.26-02.50.34:193][  0]LogPakFile: PakFile PrimaryIndexSize=192
[2023.09.26-02.50.34:193][  0]LogPakFile: PakFile PathHashIndexSize=101
[2023.09.26-02.50.34:193][  0]LogPakFile: PakFile FullDirectoryIndexSize=158
[2023.09.26-02.50.34:193][  0]LogShaderLibrary: Display: ShaderCodeLibraryPakFileMountedCallback: PakFile 'C:/Program Files/Epic Games/UE_4.27/FeaturePacks/TP_2DSideScrollerBP.upack' (chunk index -1, root 'root:/') mounted
[2023.09.26-02.50.34:193][  0]LogShaderLibrary: Display: ShaderCodeLibraryPakFileMountedCallback: pending pak file info (ChunkID:-1 Root:root:/ File:C:/Program Files/Epic Games/UE_4.27/FeaturePacks/TP_2DSideScrollerBP.upack)
[2023.09.26-02.50.34:193][  0]LogPakFile: OnPakFileMounted2Time == 0.000035
[2023.09.26-02.50.34:194][  0]LogPakFile: PakFile PrimaryIndexSize=182
[2023.09.26-02.50.34:194][  0]LogPakFile: PakFile PathHashIndexSize=101
[2023.09.26-02.50.34:194][  0]LogPakFile: PakFile FullDirectoryIndexSize=138
[2023.09.26-02.50.34:194][  0]LogShaderLibrary: Display: ShaderCodeLibraryPakFileMountedCallback: PakFile 'C:/Program Files/Epic Games/UE_4.27/FeaturePacks/TP_Flying.upack' (chunk index -1, root 'root:/') mounted
[2023.09.26-02.50.34:194][  0]LogShaderLibrary: Display: ShaderCodeLibraryPakFileMountedCallback: pending pak file info (ChunkID:-1 Root:root:/ File:C:/Program Files/Epic Games/UE_4.27/FeaturePacks/TP_Flying.upack)
[2023.09.26-02.50.34:194][  0]LogPakFile: OnPakFileMounted2Time == 0.000032
[2023.09.26-02.50.34:194][  0]LogPakFile: PakFile PrimaryIndexSize=184
[2023.09.26-02.50.34:194][  0]LogPakFile: PakFile PathHashIndexSize=101
[2023.09.26-02.50.34:194][  0]LogPakFile: PakFile FullDirectoryIndexSize=142
[2023.09.26-02.50.34:194][  0]LogShaderLibrary: Display: ShaderCodeLibraryPakFileMountedCallback: PakFile 'C:/Program Files/Epic Games/UE_4.27/FeaturePacks/TP_FlyingBP.upack' (chunk index -1, root 'root:/') mounted
[2023.09.26-02.50.34:194][  0]LogShaderLibrary: Display: ShaderCodeLibraryPakFileMountedCallback: pending pak file info (ChunkID:-1 Root:root:/ File:C:/Program Files/Epic Games/UE_4.27/FeaturePacks/TP_FlyingBP.upack)
[2023.09.26-02.50.34:194][  0]LogPakFile: OnPakFileMounted2Time == 0.000032
[2023.09.26-02.50.34:195][  0]LogPakFile: PakFile PrimaryIndexSize=188
[2023.09.26-02.50.34:195][  0]LogPakFile: PakFile PathHashIndexSize=101
[2023.09.26-02.50.34:195][  0]LogPakFile: PakFile FullDirectoryIndexSize=150
[2023.09.26-02.50.34:195][  0]LogShaderLibrary: Display: ShaderCodeLibraryPakFileMountedCallback: PakFile 'C:/Program Files/Epic Games/UE_4.27/FeaturePacks/TP_HandheldARBP.upack' (chunk index -1, root 'root:/') mounted
[2023.09.26-02.50.34:195][  0]LogShaderLibrary: Display: ShaderCodeLibraryPakFileMountedCallback: pending pak file info (ChunkID:-1 Root:root:/ File:C:/Program Files/Epic Games/UE_4.27/FeaturePacks/TP_HandheldARBP.upack)
[2023.09.26-02.50.34:195][  0]LogPakFile: OnPakFileMounted2Time == 0.000032
[2023.09.26-02.50.34:196][  0]LogPakFile: PakFile PrimaryIndexSize=182
[2023.09.26-02.50.34:196][  0]LogPakFile: PakFile PathHashIndexSize=101
[2023.09.26-02.50.34:196][  0]LogPakFile: PakFile FullDirectoryIndexSize=138
[2023.09.26-02.50.34:196][  0]LogShaderLibrary: Display: ShaderCodeLibraryPakFileMountedCallback: PakFile 'C:/Program Files/Epic Games/UE_4.27/FeaturePacks/TP_Puzzle.upack' (chunk index -1, root 'root:/') mounted
[2023.09.26-02.50.34:196][  0]LogShaderLibrary: Display: ShaderCodeLibraryPakFileMountedCallback: pending pak file info (ChunkID:-1 Root:root:/ File:C:/Program Files/Epic Games/UE_4.27/FeaturePacks/TP_Puzzle.upack)
[2023.09.26-02.50.34:196][  0]LogPakFile: OnPakFileMounted2Time == 0.000032
[2023.09.26-02.50.34:196][  0]LogPakFile: PakFile PrimaryIndexSize=184
[2023.09.26-02.50.34:196][  0]LogPakFile: PakFile PathHashIndexSize=101
[2023.09.26-02.50.34:196][  0]LogPakFile: PakFile FullDirectoryIndexSize=142
[2023.09.26-02.50.34:196][  0]LogShaderLibrary: Display: ShaderCodeLibraryPakFileMountedCallback: PakFile 'C:/Program Files/Epic Games/UE_4.27/FeaturePacks/TP_PuzzleBP.upack' (chunk index -1, root 'root:/') mounted
[2023.09.26-02.50.34:196][  0]LogShaderLibrary: Display: ShaderCodeLibraryPakFileMountedCallback: pending pak file info (ChunkID:-1 Root:root:/ File:C:/Program Files/Epic Games/UE_4.27/FeaturePacks/TP_PuzzleBP.upack)
[2023.09.26-02.50.34:196][  0]LogPakFile: OnPakFileMounted2Time == 0.000056
[2023.09.26-02.50.34:197][  0]LogPakFile: PakFile PrimaryIndexSize=183
[2023.09.26-02.50.34:197][  0]LogPakFile: PakFile PathHashIndexSize=101
[2023.09.26-02.50.34:197][  0]LogPakFile: PakFile FullDirectoryIndexSize=140
[2023.09.26-02.50.34:197][  0]LogShaderLibrary: Display: ShaderCodeLibraryPakFileMountedCallback: PakFile 'C:/Program Files/Epic Games/UE_4.27/FeaturePacks/TP_Rolling.upack' (chunk index -1, root 'root:/') mounted
[2023.09.26-02.50.34:197][  0]LogShaderLibrary: Display: ShaderCodeLibraryPakFileMountedCallback: pending pak file info (ChunkID:-1 Root:root:/ File:C:/Program Files/Epic Games/UE_4.27/FeaturePacks/TP_Rolling.upack)
[2023.09.26-02.50.34:197][  0]LogPakFile: OnPakFileMounted2Time == 0.000038
[2023.09.26-02.50.34:198][  0]LogPakFile: PakFile PrimaryIndexSize=185
[2023.09.26-02.50.34:198][  0]LogPakFile: PakFile PathHashIndexSize=101
[2023.09.26-02.50.34:198][  0]LogPakFile: PakFile FullDirectoryIndexSize=144
[2023.09.26-02.50.34:198][  0]LogShaderLibrary: Display: ShaderCodeLibraryPakFileMountedCallback: PakFile 'C:/Program Files/Epic Games/UE_4.27/FeaturePacks/TP_RollingBP.upack' (chunk index -1, root 'root:/') mounted
[2023.09.26-02.50.34:198][  0]LogShaderLibrary: Display: ShaderCodeLibraryPakFileMountedCallback: pending pak file info (ChunkID:-1 Root:root:/ File:C:/Program Files/Epic Games/UE_4.27/FeaturePacks/TP_RollingBP.upack)
[2023.09.26-02.50.34:198][  0]LogPakFile: OnPakFileMounted2Time == 0.000037
[2023.09.26-02.50.34:198][  0]LogPakFile: PakFile PrimaryIndexSize=188
[2023.09.26-02.50.34:198][  0]LogPakFile: PakFile PathHashIndexSize=101
[2023.09.26-02.50.34:198][  0]LogPakFile: PakFile FullDirectoryIndexSize=150
[2023.09.26-02.50.34:198][  0]LogShaderLibrary: Display: ShaderCodeLibraryPakFileMountedCallback: PakFile 'C:/Program Files/Epic Games/UE_4.27/FeaturePacks/TP_SideScroller.upack' (chunk index -1, root 'root:/') mounted
[2023.09.26-02.50.34:198][  0]LogShaderLibrary: Display: ShaderCodeLibraryPakFileMountedCallback: pending pak file info (ChunkID:-1 Root:root:/ File:C:/Program Files/Epic Games/UE_4.27/FeaturePacks/TP_SideScroller.upack)
[2023.09.26-02.50.34:198][  0]LogPakFile: OnPakFileMounted2Time == 0.000032
[2023.09.26-02.50.34:199][  0]LogPakFile: PakFile PrimaryIndexSize=190
[2023.09.26-02.50.34:199][  0]LogPakFile: PakFile PathHashIndexSize=101
[2023.09.26-02.50.34:199][  0]LogPakFile: PakFile FullDirectoryIndexSize=154
[2023.09.26-02.50.34:199][  0]LogShaderLibrary: Display: ShaderCodeLibraryPakFileMountedCallback: PakFile 'C:/Program Files/Epic Games/UE_4.27/FeaturePacks/TP_SideScrollerBP.upack' (chunk index -1, root 'root:/') mounted
[2023.09.26-02.50.34:199][  0]LogShaderLibrary: Display: ShaderCodeLibraryPakFileMountedCallback: pending pak file info (ChunkID:-1 Root:root:/ File:C:/Program Files/Epic Games/UE_4.27/FeaturePacks/TP_SideScrollerBP.upack)
[2023.09.26-02.50.34:199][  0]LogPakFile: OnPakFileMounted2Time == 0.000032
[2023.09.26-02.50.34:199][  0]LogPakFile: PakFile PrimaryIndexSize=187
[2023.09.26-02.50.34:199][  0]LogPakFile: PakFile PathHashIndexSize=101
[2023.09.26-02.50.34:199][  0]LogPakFile: PakFile FullDirectoryIndexSize=148
[2023.09.26-02.50.34:199][  0]LogShaderLibrary: Display: ShaderCodeLibraryPakFileMountedCallback: PakFile 'C:/Program Files/Epic Games/UE_4.27/FeaturePacks/TP_ThirdPerson.upack' (chunk index -1, root 'root:/') mounted
[2023.09.26-02.50.34:199][  0]LogShaderLibrary: Display: ShaderCodeLibraryPakFileMountedCallback: pending pak file info (ChunkID:-1 Root:root:/ File:C:/Program Files/Epic Games/UE_4.27/FeaturePacks/TP_ThirdPerson.upack)
[2023.09.26-02.50.34:199][  0]LogPakFile: OnPakFileMounted2Time == 0.000032
[2023.09.26-02.50.34:200][  0]LogPakFile: PakFile PrimaryIndexSize=189
[2023.09.26-02.50.34:200][  0]LogPakFile: PakFile PathHashIndexSize=101
[2023.09.26-02.50.34:200][  0]LogPakFile: PakFile FullDirectoryIndexSize=152
[2023.09.26-02.50.34:200][  0]LogShaderLibrary: Display: ShaderCodeLibraryPakFileMountedCallback: PakFile 'C:/Program Files/Epic Games/UE_4.27/FeaturePacks/TP_ThirdPersonBP.upack' (chunk index -1, root 'root:/') mounted
[2023.09.26-02.50.34:200][  0]LogShaderLibrary: Display: ShaderCodeLibraryPakFileMountedCallback: pending pak file info (ChunkID:-1 Root:root:/ File:C:/Program Files/Epic Games/UE_4.27/FeaturePacks/TP_ThirdPersonBP.upack)
[2023.09.26-02.50.34:200][  0]LogPakFile: OnPakFileMounted2Time == 0.000037
[2023.09.26-02.50.34:200][  0]LogPakFile: PakFile PrimaryIndexSize=183
[2023.09.26-02.50.34:200][  0]LogPakFile: PakFile PathHashIndexSize=101
[2023.09.26-02.50.34:200][  0]LogPakFile: PakFile FullDirectoryIndexSize=140
[2023.09.26-02.50.34:200][  0]LogShaderLibrary: Display: ShaderCodeLibraryPakFileMountedCallback: PakFile 'C:/Program Files/Epic Games/UE_4.27/FeaturePacks/TP_TopDown.upack' (chunk index -1, root 'root:/') mounted
[2023.09.26-02.50.34:200][  0]LogShaderLibrary: Display: ShaderCodeLibraryPakFileMountedCallback: pending pak file info (ChunkID:-1 Root:root:/ File:C:/Program Files/Epic Games/UE_4.27/FeaturePacks/TP_TopDown.upack)
[2023.09.26-02.50.34:200][  0]LogPakFile: OnPakFileMounted2Time == 0.000039
[2023.09.26-02.50.34:202][  0]LogPakFile: PakFile PrimaryIndexSize=185
[2023.09.26-02.50.34:202][  0]LogPakFile: PakFile PathHashIndexSize=101
[2023.09.26-02.50.34:202][  0]LogPakFile: PakFile FullDirectoryIndexSize=144
[2023.09.26-02.50.34:202][  0]LogShaderLibrary: Display: ShaderCodeLibraryPakFileMountedCallback: PakFile 'C:/Program Files/Epic Games/UE_4.27/FeaturePacks/TP_TopDownBP.upack' (chunk index -1, root 'root:/') mounted
[2023.09.26-02.50.34:202][  0]LogShaderLibrary: Display: ShaderCodeLibraryPakFileMountedCallback: pending pak file info (ChunkID:-1 Root:root:/ File:C:/Program Files/Epic Games/UE_4.27/FeaturePacks/TP_TopDownBP.upack)
[2023.09.26-02.50.34:202][  0]LogPakFile: OnPakFileMounted2Time == 0.000035
[2023.09.26-02.50.34:202][  0]LogPakFile: PakFile PrimaryIndexSize=185
[2023.09.26-02.50.34:202][  0]LogPakFile: PakFile PathHashIndexSize=101
[2023.09.26-02.50.34:202][  0]LogPakFile: PakFile FullDirectoryIndexSize=144
[2023.09.26-02.50.34:202][  0]LogShaderLibrary: Display: ShaderCodeLibraryPakFileMountedCallback: PakFile 'C:/Program Files/Epic Games/UE_4.27/FeaturePacks/TP_TwinStick.upack' (chunk index -1, root 'root:/') mounted
[2023.09.26-02.50.34:202][  0]LogShaderLibrary: Display: ShaderCodeLibraryPakFileMountedCallback: pending pak file info (ChunkID:-1 Root:root:/ File:C:/Program Files/Epic Games/UE_4.27/FeaturePacks/TP_TwinStick.upack)
[2023.09.26-02.50.34:202][  0]LogPakFile: OnPakFileMounted2Time == 0.000041
[2023.09.26-02.50.34:203][  0]LogPakFile: PakFile PrimaryIndexSize=187
[2023.09.26-02.50.34:203][  0]LogPakFile: PakFile PathHashIndexSize=101
[2023.09.26-02.50.34:203][  0]LogPakFile: PakFile FullDirectoryIndexSize=148
[2023.09.26-02.50.34:203][  0]LogShaderLibrary: Display: ShaderCodeLibraryPakFileMountedCallback: PakFile 'C:/Program Files/Epic Games/UE_4.27/FeaturePacks/TP_TwinStickBP.upack' (chunk index -1, root 'root:/') mounted
[2023.09.26-02.50.34:203][  0]LogShaderLibrary: Display: ShaderCodeLibraryPakFileMountedCallback: pending pak file info (ChunkID:-1 Root:root:/ File:C:/Program Files/Epic Games/UE_4.27/FeaturePacks/TP_TwinStickBP.upack)
[2023.09.26-02.50.34:203][  0]LogPakFile: OnPakFileMounted2Time == 0.000035
[2023.09.26-02.50.34:203][  0]LogPakFile: PakFile PrimaryIndexSize=183
[2023.09.26-02.50.34:203][  0]LogPakFile: PakFile PathHashIndexSize=101
[2023.09.26-02.50.34:203][  0]LogPakFile: PakFile FullDirectoryIndexSize=140
[2023.09.26-02.50.34:203][  0]LogShaderLibrary: Display: ShaderCodeLibraryPakFileMountedCallback: PakFile 'C:/Program Files/Epic Games/UE_4.27/FeaturePacks/TP_Vehicle.upack' (chunk index -1, root 'root:/') mounted
[2023.09.26-02.50.34:203][  0]LogShaderLibrary: Display: ShaderCodeLibraryPakFileMountedCallback: pending pak file info (ChunkID:-1 Root:root:/ File:C:/Program Files/Epic Games/UE_4.27/FeaturePacks/TP_Vehicle.upack)
[2023.09.26-02.50.34:203][  0]LogPakFile: OnPakFileMounted2Time == 0.000032
[2023.09.26-02.50.34:204][  0]LogPakFile: PakFile PrimaryIndexSize=186
[2023.09.26-02.50.34:204][  0]LogPakFile: PakFile PathHashIndexSize=101
[2023.09.26-02.50.34:204][  0]LogPakFile: PakFile FullDirectoryIndexSize=146
[2023.09.26-02.50.34:204][  0]LogShaderLibrary: Display: ShaderCodeLibraryPakFileMountedCallback: PakFile 'C:/Program Files/Epic Games/UE_4.27/FeaturePacks/TP_VehicleAdv.upack' (chunk index -1, root 'root:/') mounted
[2023.09.26-02.50.34:204][  0]LogShaderLibrary: Display: ShaderCodeLibraryPakFileMountedCallback: pending pak file info (ChunkID:-1 Root:root:/ File:C:/Program Files/Epic Games/UE_4.27/FeaturePacks/TP_VehicleAdv.upack)
[2023.09.26-02.50.34:204][  0]LogPakFile: OnPakFileMounted2Time == 0.000033
[2023.09.26-02.50.34:205][  0]LogPakFile: PakFile PrimaryIndexSize=188
[2023.09.26-02.50.34:205][  0]LogPakFile: PakFile PathHashIndexSize=101
[2023.09.26-02.50.34:205][  0]LogPakFile: PakFile FullDirectoryIndexSize=150
[2023.09.26-02.50.34:205][  0]LogShaderLibrary: Display: ShaderCodeLibraryPakFileMountedCallback: PakFile 'C:/Program Files/Epic Games/UE_4.27/FeaturePacks/TP_VehicleAdvBP.upack' (chunk index -1, root 'root:/') mounted
[2023.09.26-02.50.34:205][  0]LogShaderLibrary: Display: ShaderCodeLibraryPakFileMountedCallback: pending pak file info (ChunkID:-1 Root:root:/ File:C:/Program Files/Epic Games/UE_4.27/FeaturePacks/TP_VehicleAdvBP.upack)
[2023.09.26-02.50.34:205][  0]LogPakFile: OnPakFileMounted2Time == 0.000032
[2023.09.26-02.50.34:206][  0]LogPakFile: PakFile PrimaryIndexSize=185
[2023.09.26-02.50.34:206][  0]LogPakFile: PakFile PathHashIndexSize=101
[2023.09.26-02.50.34:206][  0]LogPakFile: PakFile FullDirectoryIndexSize=144
[2023.09.26-02.50.34:206][  0]LogShaderLibrary: Display: ShaderCodeLibraryPakFileMountedCallback: PakFile 'C:/Program Files/Epic Games/UE_4.27/FeaturePacks/TP_VehicleBP.upack' (chunk index -1, root 'root:/') mounted
[2023.09.26-02.50.34:206][  0]LogShaderLibrary: Display: ShaderCodeLibraryPakFileMountedCallback: pending pak file info (ChunkID:-1 Root:root:/ File:C:/Program Files/Epic Games/UE_4.27/FeaturePacks/TP_VehicleBP.upack)
[2023.09.26-02.50.34:206][  0]LogPakFile: OnPakFileMounted2Time == 0.000063
[2023.09.26-02.50.34:207][  0]LogPakFile: PakFile PrimaryIndexSize=192
[2023.09.26-02.50.34:207][  0]LogPakFile: PakFile PathHashIndexSize=101
[2023.09.26-02.50.34:207][  0]LogPakFile: PakFile FullDirectoryIndexSize=158
[2023.09.26-02.50.34:207][  0]LogShaderLibrary: Display: ShaderCodeLibraryPakFileMountedCallback: PakFile 'C:/Program Files/Epic Games/UE_4.27/FeaturePacks/TP_VirtualRealityBP.upack' (chunk index -1, root 'root:/') mounted
[2023.09.26-02.50.34:207][  0]LogShaderLibrary: Display: ShaderCodeLibraryPakFileMountedCallback: pending pak file info (ChunkID:-1 Root:root:/ File:C:/Program Files/Epic Games/UE_4.27/FeaturePacks/TP_VirtualRealityBP.upack)
[2023.09.26-02.50.34:207][  0]LogPakFile: OnPakFileMounted2Time == 0.000036
[2023.09.26-02.50.34:257][  0]LogNativeClassHierarchy: Verbose: Native class hierarchy updated for 'AddContentDialog' in 0.0002 seconds. Added 0 classes and 0 folders.
[2023.09.26-02.50.34:258][  0]LogNativeClassHierarchy: Verbose: Native class hierarchy updated for 'SceneOutliner' in 0.0002 seconds. Added 2 classes and 0 folders.
[2023.09.26-02.50.34:265][  0]LogNativeClassHierarchy: Verbose: Native class hierarchy updated for 'WorldBrowser' in 0.0002 seconds. Added 2 classes and 3 folders.
[2023.09.26-02.50.34:297][  0]LogSlate: Took 0.000472 seconds to synchronously load lazily loaded font '../../../Engine/Content/Slate/Fonts/Roboto-Regular.ttf' (155K)
[2023.09.26-02.50.34:299][  0]LogSlate: Took 0.000240 seconds to synchronously load lazily loaded font '../../../Engine/Content/Editor/Slate/Fonts/FontAwesome.ttf' (139K)
[2023.09.26-02.50.34:300][  0]LogSlate: Took 0.000342 seconds to synchronously load lazily loaded font '../../../Engine/Content/Slate/Fonts/Roboto-Bold.ttf' (160K)
[2023.09.26-02.50.34:387][  0]LogRenderer: Reallocating scene render targets to support 1208x600 Format 10 NumSamples 1 (Frame:1).
[2023.09.26-02.50.34:597][  0]LogNativeClassHierarchy: Verbose: Native class hierarchy updated for 'HierarchicalLODOutliner' in 0.0003 seconds. Added 0 classes and 0 folders.
[2023.09.26-02.50.34:597][  0]LogLoad: (Engine Initialization) Total time: 8.71 seconds
[2023.09.26-02.50.34:597][  0]LogLoad: (Engine Initialization) Total Blueprint compile time: 0.00 seconds
[2023.09.26-02.50.34:646][  0]LogAssetRegistry: Asset discovery search completed in 5.2679 seconds
[2023.09.26-02.50.34:652][  0]LogCollectionManager: Fixed up redirectors for 0 collections in 0.000004 seconds (updated 0 objects)
[2023.09.26-02.50.34:653][  0]LogContentStreaming: Texture pool size now 1000 MB
